<!DOCTYPE html>
<html>
  <head>
    <meta charset="utf-8"/>
    <title id="head-title">report.html</title>
      <style type="text/css">body {
  font-family: Helvetica, Arial, sans-serif;
  font-size: 12px;
  /* do not increase min-width as some may use split screens */
  min-width: 800px;
  color: #999;
}

h1 {
  font-size: 24px;
  color: black;
}

h2 {
  font-size: 16px;
  color: black;
}

p {
  color: black;
}

a {
  color: #999;
}

table {
  border-collapse: collapse;
}

/******************************
 * SUMMARY INFORMATION
 ******************************/
#environment td {
  padding: 5px;
  border: 1px solid #e6e6e6;
  vertical-align: top;
}
#environment tr:nth-child(odd) {
  background-color: #f6f6f6;
}
#environment ul {
  margin: 0;
  padding: 0 20px;
}

/******************************
 * TEST RESULT COLORS
 ******************************/
span.passed,
.passed .col-result {
  color: green;
}

span.skipped,
span.xfailed,
span.rerun,
.skipped .col-result,
.xfailed .col-result,
.rerun .col-result {
  color: orange;
}

span.error,
span.failed,
span.xpassed,
.error .col-result,
.failed .col-result,
.xpassed .col-result {
  color: red;
}

.col-links__extra {
  margin-right: 3px;
}

/******************************
 * RESULTS TABLE
 *
 * 1. Table Layout
 * 2. Extra
 * 3. Sorting items
 *
 ******************************/
/*------------------
 * 1. Table Layout
 *------------------*/
#results-table {
  border: 1px solid #e6e6e6;
  color: #999;
  font-size: 12px;
  width: 100%;
}
#results-table th,
#results-table td {
  padding: 5px;
  border: 1px solid #e6e6e6;
  text-align: left;
}
#results-table th {
  font-weight: bold;
}

/*------------------
 * 2. Extra
 *------------------*/
.logwrapper {
  max-height: 230px;
  overflow-y: scroll;
  background-color: #e6e6e6;
}
.logwrapper.expanded {
  max-height: none;
}
.logwrapper.expanded .logexpander:after {
  content: "collapse [-]";
}
.logwrapper .logexpander {
  z-index: 1;
  position: sticky;
  top: 10px;
  width: max-content;
  border: 1px solid;
  border-radius: 3px;
  padding: 5px 7px;
  margin: 10px 0 10px calc(100% - 80px);
  cursor: pointer;
  background-color: #e6e6e6;
}
.logwrapper .logexpander:after {
  content: "expand [+]";
}
.logwrapper .logexpander:hover {
  color: #000;
  border-color: #000;
}
.logwrapper .log {
  min-height: 40px;
  position: relative;
  top: -50px;
  height: calc(100% + 50px);
  border: 1px solid #e6e6e6;
  color: black;
  display: block;
  font-family: "Courier New", Courier, monospace;
  padding: 5px;
  padding-right: 80px;
  white-space: pre-wrap;
}

div.media {
  border: 1px solid #e6e6e6;
  float: right;
  height: 240px;
  margin: 0 5px;
  overflow: hidden;
  width: 320px;
}

.media-container {
  display: grid;
  grid-template-columns: 25px auto 25px;
  align-items: center;
  flex: 1 1;
  overflow: hidden;
  height: 200px;
}

.media-container--fullscreen {
  grid-template-columns: 0px auto 0px;
}

.media-container__nav--right,
.media-container__nav--left {
  text-align: center;
  cursor: pointer;
}

.media-container__viewport {
  cursor: pointer;
  text-align: center;
  height: inherit;
}
.media-container__viewport img,
.media-container__viewport video {
  object-fit: cover;
  width: 100%;
  max-height: 100%;
}

.media__name,
.media__counter {
  display: flex;
  flex-direction: row;
  justify-content: space-around;
  flex: 0 0 25px;
  align-items: center;
}

.collapsible td:not(.col-links) {
  cursor: pointer;
}
.collapsible td:not(.col-links):hover::after {
  color: #bbb;
  font-style: italic;
  cursor: pointer;
}

.col-result {
  width: 130px;
}
.col-result:hover::after {
  content: " (hide details)";
}

.col-result.collapsed:hover::after {
  content: " (show details)";
}

#environment-header h2:hover::after {
  content: " (hide details)";
  color: #bbb;
  font-style: italic;
  cursor: pointer;
  font-size: 12px;
}

#environment-header.collapsed h2:hover::after {
  content: " (show details)";
  color: #bbb;
  font-style: italic;
  cursor: pointer;
  font-size: 12px;
}

/*------------------
 * 3. Sorting items
 *------------------*/
.sortable {
  cursor: pointer;
}
.sortable.desc:after {
  content: " ";
  position: relative;
  left: 5px;
  bottom: -12.5px;
  border: 10px solid #4caf50;
  border-bottom: 0;
  border-left-color: transparent;
  border-right-color: transparent;
}
.sortable.asc:after {
  content: " ";
  position: relative;
  left: 5px;
  bottom: 12.5px;
  border: 10px solid #4caf50;
  border-top: 0;
  border-left-color: transparent;
  border-right-color: transparent;
}

.hidden, .summary__reload__button.hidden {
  display: none;
}

.summary__data {
  flex: 0 0 550px;
}
.summary__reload {
  flex: 1 1;
  display: flex;
  justify-content: center;
}
.summary__reload__button {
  flex: 0 0 300px;
  display: flex;
  color: white;
  font-weight: bold;
  background-color: #4caf50;
  text-align: center;
  justify-content: center;
  align-items: center;
  border-radius: 3px;
  cursor: pointer;
}
.summary__reload__button:hover {
  background-color: #46a049;
}
.summary__spacer {
  flex: 0 0 550px;
}

.controls {
  display: flex;
  justify-content: space-between;
}

.filters,
.collapse {
  display: flex;
  align-items: center;
}
.filters button,
.collapse button {
  color: #999;
  border: none;
  background: none;
  cursor: pointer;
  text-decoration: underline;
}
.filters button:hover,
.collapse button:hover {
  color: #ccc;
}

.filter__label {
  margin-right: 10px;
}

      </style>
    
  </head>
  <body>
    <h1 id="title">report.html</h1>
    <p>Report generated on 23-Jul-2025 at 21:04:34 by <a href="https://pypi.python.org/pypi/pytest-html">pytest-html</a>
        v4.1.1</p>
    <div id="environment-header">
      <h2>Environment</h2>
    </div>
    <table id="environment"></table>
    <!-- TEMPLATES -->
      <template id="template_environment_row">
      <tr>
        <td></td>
        <td></td>
      </tr>
    </template>
    <template id="template_results-table__body--empty">
      <tbody class="results-table-row">
        <tr id="not-found-message">
          <td colspan="4">No results found. Check the filters.</th>
        </tr>
    </template>
    <template id="template_results-table__tbody">
      <tbody class="results-table-row">
        <tr class="collapsible">
        </tr>
        <tr class="extras-row">
          <td class="extra" colspan="4">
            <div class="extraHTML"></div>
            <div class="media">
              <div class="media-container">
                  <div class="media-container__nav--left"><</div>
                  <div class="media-container__viewport">
                    <img src="" />
                    <video controls>
                      <source src="" type="video/mp4">
                    </video>
                  </div>
                  <div class="media-container__nav--right">></div>
                </div>
                <div class="media__name"></div>
                <div class="media__counter"></div>
            </div>
            <div class="logwrapper">
              <div class="logexpander"></div>
              <div class="log"></div>
            </div>
          </td>
        </tr>
      </tbody>
    </template>
    <!-- END TEMPLATES -->
    <div class="summary">
      <div class="summary__data">
        <h2>Summary</h2>
        <div class="additional-summary prefix">
        </div>
        <p class="run-count">21 tests took 00:00:03.</p>
        <p class="filter">(Un)check the boxes to filter the results.</p>
        <div class="summary__reload">
          <div class="summary__reload__button hidden" onclick="location.reload()">
            <div>There are still tests running. <br />Reload this page to get the latest results!</div>
          </div>
        </div>
        <div class="summary__spacer"></div>
        <div class="controls">
          <div class="filters">
            <input checked="true" class="filter" name="filter_checkbox" type="checkbox" data-test-result="failed" />
            <span class="failed">11 Failed,</span>
            <input checked="true" class="filter" name="filter_checkbox" type="checkbox" data-test-result="passed" />
            <span class="passed">10 Passed,</span>
            <input checked="true" class="filter" name="filter_checkbox" type="checkbox" data-test-result="skipped" disabled/>
            <span class="skipped">0 Skipped,</span>
            <input checked="true" class="filter" name="filter_checkbox" type="checkbox" data-test-result="xfailed" disabled/>
            <span class="xfailed">0 Expected failures,</span>
            <input checked="true" class="filter" name="filter_checkbox" type="checkbox" data-test-result="xpassed" disabled/>
            <span class="xpassed">0 Unexpected passes,</span>
            <input checked="true" class="filter" name="filter_checkbox" type="checkbox" data-test-result="error" />
            <span class="error">23 Errors,</span>
            <input checked="true" class="filter" name="filter_checkbox" type="checkbox" data-test-result="rerun" disabled/>
            <span class="rerun">0 Reruns</span>
          </div>
          <div class="collapse">
            <button id="show_all_details">Show all details</button>&nbsp;/&nbsp;<button id="hide_all_details">Hide all details</button>
          </div>
        </div>
      </div>
      <div class="additional-summary summary">
      </div>
      <div class="additional-summary postfix">
      </div>
    </div>
    <table id="results-table">
      <thead id="results-table-head">
        <tr>
          <th class="sortable" data-column-type="result">Result</th>
          <th class="sortable" data-column-type="testId">Test</th>
          <th class="sortable" data-column-type="duration">Duration</th>
          <th>Links</th>
        </tr>
      </thead>
    </table>
  </body>
  <footer>
    <div id="data-container" data-jsonblob="{&#34;environment&#34;: {&#34;Python&#34;: &#34;3.11.13&#34;, &#34;Platform&#34;: &#34;Linux-6.6.87.2-microsoft-standard-WSL2-x86_64-with-glibc2.36&#34;, &#34;Packages&#34;: {&#34;pytest&#34;: &#34;8.4.1&#34;, &#34;pluggy&#34;: &#34;1.6.0&#34;}, &#34;Plugins&#34;: {&#34;metadata&#34;: &#34;3.1.1&#34;, &#34;html&#34;: &#34;4.1.1&#34;, &#34;anyio&#34;: &#34;4.9.0&#34;}}, &#34;tests&#34;: {&#34;tests/test_customers.py::test_get_customer_me&#34;: [{&#34;extras&#34;: [], &#34;result&#34;: &#34;Error&#34;, &#34;testId&#34;: &#34;tests/test_customers.py::test_get_customer_me::setup&#34;, &#34;duration&#34;: &#34;355 ms&#34;, &#34;resultsTableRow&#34;: [&#34;&lt;td class=\&#34;col-result\&#34;&gt;Error&lt;/td&gt;&#34;, &#34;&lt;td class=\&#34;col-testId\&#34;&gt;tests/test_customers.py::test_get_customer_me::setup&lt;/td&gt;&#34;, &#34;&lt;td class=\&#34;col-duration\&#34;&gt;355 ms&lt;/td&gt;&#34;, &#34;&lt;td class=\&#34;col-links\&#34;&gt;&lt;/td&gt;&#34;], &#34;log&#34;: &#34;file /usr/src/app/tests/test_customers.py, line 4\n  def test_get_customer_me(client: TestClient, customer_user_auth_headers: dict, test_customer: dict):\nE       fixture &amp;#x27;customer_user_auth_headers&amp;#x27; not found\n&amp;gt;       available fixtures: anyio_backend, anyio_backend_name, anyio_backend_options, auth_headers, cache, capfd, capfdbinary, caplog, capsys, capsysbinary, capteesys, client, doctest_namespace, extra, extras, free_tcp_port, free_tcp_port_factory, free_udp_port, free_udp_port_factory, include_metadata_in_junit_xml, metadata, monkeypatch, pytestconfig, record_property, record_testsuite_property, record_xml_attribute, recwarn, setup_test_db, tmp_path, tmp_path_factory, tmpdir, tmpdir_factory\n&amp;gt;       use &amp;#x27;pytest --fixtures [testpath]&amp;#x27; for help on them.\n\n/usr/src/app/tests/test_customers.py:4\n&#34;}], &#34;tests/test_customers.py::test_get_all_customers_as_admin&#34;: [{&#34;extras&#34;: [], &#34;result&#34;: &#34;Error&#34;, &#34;testId&#34;: &#34;tests/test_customers.py::test_get_all_customers_as_admin::setup&#34;, &#34;duration&#34;: &#34;0 ms&#34;, &#34;resultsTableRow&#34;: [&#34;&lt;td class=\&#34;col-result\&#34;&gt;Error&lt;/td&gt;&#34;, &#34;&lt;td class=\&#34;col-testId\&#34;&gt;tests/test_customers.py::test_get_all_customers_as_admin::setup&lt;/td&gt;&#34;, &#34;&lt;td class=\&#34;col-duration\&#34;&gt;0 ms&lt;/td&gt;&#34;, &#34;&lt;td class=\&#34;col-links\&#34;&gt;&lt;/td&gt;&#34;], &#34;log&#34;: &#34;file /usr/src/app/tests/test_customers.py, line 12\n  def test_get_all_customers_as_admin(client: TestClient, admin_user_auth_headers: dict, test_customer: dict):\nE       fixture &amp;#x27;admin_user_auth_headers&amp;#x27; not found\n&amp;gt;       available fixtures: anyio_backend, anyio_backend_name, anyio_backend_options, auth_headers, cache, capfd, capfdbinary, caplog, capsys, capsysbinary, capteesys, client, doctest_namespace, extra, extras, free_tcp_port, free_tcp_port_factory, free_udp_port, free_udp_port_factory, include_metadata_in_junit_xml, metadata, monkeypatch, pytestconfig, record_property, record_testsuite_property, record_xml_attribute, recwarn, setup_test_db, tmp_path, tmp_path_factory, tmpdir, tmpdir_factory\n&amp;gt;       use &amp;#x27;pytest --fixtures [testpath]&amp;#x27; for help on them.\n\n/usr/src/app/tests/test_customers.py:12\n&#34;}], &#34;tests/test_customers.py::test_customer_cannot_get_all_customers&#34;: [{&#34;extras&#34;: [], &#34;result&#34;: &#34;Error&#34;, &#34;testId&#34;: &#34;tests/test_customers.py::test_customer_cannot_get_all_customers::setup&#34;, &#34;duration&#34;: &#34;0 ms&#34;, &#34;resultsTableRow&#34;: [&#34;&lt;td class=\&#34;col-result\&#34;&gt;Error&lt;/td&gt;&#34;, &#34;&lt;td class=\&#34;col-testId\&#34;&gt;tests/test_customers.py::test_customer_cannot_get_all_customers::setup&lt;/td&gt;&#34;, &#34;&lt;td class=\&#34;col-duration\&#34;&gt;0 ms&lt;/td&gt;&#34;, &#34;&lt;td class=\&#34;col-links\&#34;&gt;&lt;/td&gt;&#34;], &#34;log&#34;: &#34;file /usr/src/app/tests/test_customers.py, line 19\n  def test_customer_cannot_get_all_customers(client: TestClient, customer_user_auth_headers: dict):\nE       fixture &amp;#x27;customer_user_auth_headers&amp;#x27; not found\n&amp;gt;       available fixtures: anyio_backend, anyio_backend_name, anyio_backend_options, auth_headers, cache, capfd, capfdbinary, caplog, capsys, capsysbinary, capteesys, client, doctest_namespace, extra, extras, free_tcp_port, free_tcp_port_factory, free_udp_port, free_udp_port_factory, include_metadata_in_junit_xml, metadata, monkeypatch, pytestconfig, record_property, record_testsuite_property, record_xml_attribute, recwarn, setup_test_db, tmp_path, tmp_path_factory, tmpdir, tmpdir_factory\n&amp;gt;       use &amp;#x27;pytest --fixtures [testpath]&amp;#x27; for help on them.\n\n/usr/src/app/tests/test_customers.py:19\n&#34;}], &#34;tests/test_flats.py::test_create_flat&#34;: [{&#34;extras&#34;: [], &#34;result&#34;: &#34;Error&#34;, &#34;testId&#34;: &#34;tests/test_flats.py::test_create_flat::setup&#34;, &#34;duration&#34;: &#34;3 ms&#34;, &#34;resultsTableRow&#34;: [&#34;&lt;td class=\&#34;col-result\&#34;&gt;Error&lt;/td&gt;&#34;, &#34;&lt;td class=\&#34;col-testId\&#34;&gt;tests/test_flats.py::test_create_flat::setup&lt;/td&gt;&#34;, &#34;&lt;td class=\&#34;col-duration\&#34;&gt;3 ms&lt;/td&gt;&#34;, &#34;&lt;td class=\&#34;col-links\&#34;&gt;&lt;/td&gt;&#34;], &#34;log&#34;: &#34;file /usr/src/app/tests/test_flats.py, line 4\n  def test_create_flat(client: TestClient, test_rwa: dict, admin_user_auth_headers: dict):\nE       fixture &amp;#x27;test_rwa&amp;#x27; not found\n&amp;gt;       available fixtures: anyio_backend, anyio_backend_name, anyio_backend_options, auth_headers, cache, capfd, capfdbinary, caplog, capsys, capsysbinary, capteesys, client, doctest_namespace, extra, extras, free_tcp_port, free_tcp_port_factory, free_udp_port, free_udp_port_factory, include_metadata_in_junit_xml, metadata, monkeypatch, pytestconfig, record_property, record_testsuite_property, record_xml_attribute, recwarn, setup_test_db, tmp_path, tmp_path_factory, tmpdir, tmpdir_factory\n&amp;gt;       use &amp;#x27;pytest --fixtures [testpath]&amp;#x27; for help on them.\n\n/usr/src/app/tests/test_flats.py:4\n&#34;}], &#34;tests/test_flats.py::test_get_all_flats&#34;: [{&#34;extras&#34;: [], &#34;result&#34;: &#34;Error&#34;, &#34;testId&#34;: &#34;tests/test_flats.py::test_get_all_flats::setup&#34;, &#34;duration&#34;: &#34;1 ms&#34;, &#34;resultsTableRow&#34;: [&#34;&lt;td class=\&#34;col-result\&#34;&gt;Error&lt;/td&gt;&#34;, &#34;&lt;td class=\&#34;col-testId\&#34;&gt;tests/test_flats.py::test_get_all_flats::setup&lt;/td&gt;&#34;, &#34;&lt;td class=\&#34;col-duration\&#34;&gt;1 ms&lt;/td&gt;&#34;, &#34;&lt;td class=\&#34;col-links\&#34;&gt;&lt;/td&gt;&#34;], &#34;log&#34;: &#34;file /usr/src/app/tests/test_flats.py, line 11\n  def test_get_all_flats(client: TestClient, test_flat: dict):\nE       fixture &amp;#x27;test_flat&amp;#x27; not found\n&amp;gt;       available fixtures: anyio_backend, anyio_backend_name, anyio_backend_options, auth_headers, cache, capfd, capfdbinary, caplog, capsys, capsysbinary, capteesys, client, doctest_namespace, extra, extras, free_tcp_port, free_tcp_port_factory, free_udp_port, free_udp_port_factory, include_metadata_in_junit_xml, metadata, monkeypatch, pytestconfig, record_property, record_testsuite_property, record_xml_attribute, recwarn, setup_test_db, tmp_path, tmp_path_factory, tmpdir, tmpdir_factory\n&amp;gt;       use &amp;#x27;pytest --fixtures [testpath]&amp;#x27; for help on them.\n\n/usr/src/app/tests/test_flats.py:11\n&#34;}], &#34;tests/test_flats.py::test_get_flat_by_id&#34;: [{&#34;extras&#34;: [], &#34;result&#34;: &#34;Error&#34;, &#34;testId&#34;: &#34;tests/test_flats.py::test_get_flat_by_id::setup&#34;, &#34;duration&#34;: &#34;0 ms&#34;, &#34;resultsTableRow&#34;: [&#34;&lt;td class=\&#34;col-result\&#34;&gt;Error&lt;/td&gt;&#34;, &#34;&lt;td class=\&#34;col-testId\&#34;&gt;tests/test_flats.py::test_get_flat_by_id::setup&lt;/td&gt;&#34;, &#34;&lt;td class=\&#34;col-duration\&#34;&gt;0 ms&lt;/td&gt;&#34;, &#34;&lt;td class=\&#34;col-links\&#34;&gt;&lt;/td&gt;&#34;], &#34;log&#34;: &#34;file /usr/src/app/tests/test_flats.py, line 19\n  def test_get_flat_by_id(client: TestClient, test_flat: dict):\nE       fixture &amp;#x27;test_flat&amp;#x27; not found\n&amp;gt;       available fixtures: anyio_backend, anyio_backend_name, anyio_backend_options, auth_headers, cache, capfd, capfdbinary, caplog, capsys, capsysbinary, capteesys, client, doctest_namespace, extra, extras, free_tcp_port, free_tcp_port_factory, free_udp_port, free_udp_port_factory, include_metadata_in_junit_xml, metadata, monkeypatch, pytestconfig, record_property, record_testsuite_property, record_xml_attribute, recwarn, setup_test_db, tmp_path, tmp_path_factory, tmpdir, tmpdir_factory\n&amp;gt;       use &amp;#x27;pytest --fixtures [testpath]&amp;#x27; for help on them.\n\n/usr/src/app/tests/test_flats.py:19\n&#34;}], &#34;tests/test_login.py::test_get_docs&#34;: [{&#34;extras&#34;: [], &#34;result&#34;: &#34;Passed&#34;, &#34;testId&#34;: &#34;tests/test_login.py::test_get_docs&#34;, &#34;duration&#34;: &#34;6 ms&#34;, &#34;resultsTableRow&#34;: [&#34;&lt;td class=\&#34;col-result\&#34;&gt;Passed&lt;/td&gt;&#34;, &#34;&lt;td class=\&#34;col-testId\&#34;&gt;tests/test_login.py::test_get_docs&lt;/td&gt;&#34;, &#34;&lt;td class=\&#34;col-duration\&#34;&gt;6 ms&lt;/td&gt;&#34;, &#34;&lt;td class=\&#34;col-links\&#34;&gt;&lt;/td&gt;&#34;], &#34;log&#34;: &#34;No log output captured.&#34;}], &#34;tests/test_login.py::test_user_creation_and_login&#34;: [{&#34;extras&#34;: [], &#34;result&#34;: &#34;Passed&#34;, &#34;testId&#34;: &#34;tests/test_login.py::test_user_creation_and_login&#34;, &#34;duration&#34;: &#34;804 ms&#34;, &#34;resultsTableRow&#34;: [&#34;&lt;td class=\&#34;col-result\&#34;&gt;Passed&lt;/td&gt;&#34;, &#34;&lt;td class=\&#34;col-testId\&#34;&gt;tests/test_login.py::test_user_creation_and_login&lt;/td&gt;&#34;, &#34;&lt;td class=\&#34;col-duration\&#34;&gt;804 ms&lt;/td&gt;&#34;, &#34;&lt;td class=\&#34;col-links\&#34;&gt;&lt;/td&gt;&#34;], &#34;log&#34;: &#34;----------------------------- Captured stdout call -----------------------------\n2025-07-23 21:04:30,464 - app.api.endpoints.users - INFO - \u2139\ufe0f Attempting to create user with email: testuser4360@example.com\n2025-07-23 21:04:30,493 - passlib.handlers.bcrypt - WARNING - (trapped) error reading bcrypt version\nTraceback (most recent call last):\n  File &amp;quot;/usr/local/lib/python3.11/site-packages/passlib/handlers/bcrypt.py&amp;quot;, line 620, in _load_backend_mixin\n    version = _bcrypt.__about__.__version__\n              ^^^^^^^^^^^^^^^^^\nAttributeError: module &amp;#x27;bcrypt&amp;#x27; has no attribute &amp;#x27;__about__&amp;#x27;\n2025-07-23 21:04:30,847 - app.api.endpoints.users - INFO - \u2705 Successfully created user with ID: bd6fb462-652f-4c1f-a2ea-681fe03595ff\n2025-07-23 21:04:30,861 - app.api.endpoints.login - INFO - \u2139\ufe0f Login attempt for user: testuser4360@example.com\n2025-07-23 21:04:31,198 - app.api.endpoints.login - INFO - \u2705 Successful login for user: testuser4360@example.com (ID: bd6fb462-652f-4c1f-a2ea-681fe03595ff)\n2025-07-23 21:04:31,244 - app.api.endpoints.users - INFO - \u2139\ufe0f User &amp;#x27;bd6fb462-652f-4c1f-a2ea-681fe03595ff&amp;#x27; requesting their own profile.\n\n------------------------------ Captured log call -------------------------------\nWARNING  passlib.handlers.bcrypt:bcrypt.py:622 (trapped) error reading bcrypt version\nTraceback (most recent call last):\n  File &amp;quot;/usr/local/lib/python3.11/site-packages/passlib/handlers/bcrypt.py&amp;quot;, line 620, in _load_backend_mixin\n    version = _bcrypt.__about__.__version__\n              ^^^^^^^^^^^^^^^^^\nAttributeError: module &amp;#x27;bcrypt&amp;#x27; has no attribute &amp;#x27;__about__&amp;#x27;\n\n&#34;}], &#34;tests/test_orders.py::test_create_order&#34;: [{&#34;extras&#34;: [], &#34;result&#34;: &#34;Error&#34;, &#34;testId&#34;: &#34;tests/test_orders.py::test_create_order::setup&#34;, &#34;duration&#34;: &#34;4 ms&#34;, &#34;resultsTableRow&#34;: [&#34;&lt;td class=\&#34;col-result\&#34;&gt;Error&lt;/td&gt;&#34;, &#34;&lt;td class=\&#34;col-testId\&#34;&gt;tests/test_orders.py::test_create_order::setup&lt;/td&gt;&#34;, &#34;&lt;td class=\&#34;col-duration\&#34;&gt;4 ms&lt;/td&gt;&#34;, &#34;&lt;td class=\&#34;col-links\&#34;&gt;&lt;/td&gt;&#34;], &#34;log&#34;: &#34;file /usr/src/app/tests/test_orders.py, line 4\n  def test_create_order(client: TestClient, customer_user_auth_headers: dict, test_product: dict):\nE       fixture &amp;#x27;customer_user_auth_headers&amp;#x27; not found\n&amp;gt;       available fixtures: anyio_backend, anyio_backend_name, anyio_backend_options, auth_headers, cache, capfd, capfdbinary, caplog, capsys, capsysbinary, capteesys, client, doctest_namespace, extra, extras, free_tcp_port, free_tcp_port_factory, free_udp_port, free_udp_port_factory, include_metadata_in_junit_xml, metadata, monkeypatch, pytestconfig, record_property, record_testsuite_property, record_xml_attribute, recwarn, setup_test_db, tmp_path, tmp_path_factory, tmpdir, tmpdir_factory\n&amp;gt;       use &amp;#x27;pytest --fixtures [testpath]&amp;#x27; for help on them.\n\n/usr/src/app/tests/test_orders.py:4\n&#34;}], &#34;tests/test_orders.py::test_get_my_orders&#34;: [{&#34;extras&#34;: [], &#34;result&#34;: &#34;Error&#34;, &#34;testId&#34;: &#34;tests/test_orders.py::test_get_my_orders::setup&#34;, &#34;duration&#34;: &#34;0 ms&#34;, &#34;resultsTableRow&#34;: [&#34;&lt;td class=\&#34;col-result\&#34;&gt;Error&lt;/td&gt;&#34;, &#34;&lt;td class=\&#34;col-testId\&#34;&gt;tests/test_orders.py::test_get_my_orders::setup&lt;/td&gt;&#34;, &#34;&lt;td class=\&#34;col-duration\&#34;&gt;0 ms&lt;/td&gt;&#34;, &#34;&lt;td class=\&#34;col-links\&#34;&gt;&lt;/td&gt;&#34;], &#34;log&#34;: &#34;file /usr/src/app/tests/test_orders.py, line 14\n  def test_get_my_orders(client: TestClient, customer_user_auth_headers: dict):\nE       fixture &amp;#x27;customer_user_auth_headers&amp;#x27; not found\n&amp;gt;       available fixtures: anyio_backend, anyio_backend_name, anyio_backend_options, auth_headers, cache, capfd, capfdbinary, caplog, capsys, capsysbinary, capteesys, client, doctest_namespace, extra, extras, free_tcp_port, free_tcp_port_factory, free_udp_port, free_udp_port_factory, include_metadata_in_junit_xml, metadata, monkeypatch, pytestconfig, record_property, record_testsuite_property, record_xml_attribute, recwarn, setup_test_db, tmp_path, tmp_path_factory, tmpdir, tmpdir_factory\n&amp;gt;       use &amp;#x27;pytest --fixtures [testpath]&amp;#x27; for help on them.\n\n/usr/src/app/tests/test_orders.py:14\n&#34;}], &#34;tests/test_orders.py::test_get_all_orders_as_admin&#34;: [{&#34;extras&#34;: [], &#34;result&#34;: &#34;Error&#34;, &#34;testId&#34;: &#34;tests/test_orders.py::test_get_all_orders_as_admin::setup&#34;, &#34;duration&#34;: &#34;0 ms&#34;, &#34;resultsTableRow&#34;: [&#34;&lt;td class=\&#34;col-result\&#34;&gt;Error&lt;/td&gt;&#34;, &#34;&lt;td class=\&#34;col-testId\&#34;&gt;tests/test_orders.py::test_get_all_orders_as_admin::setup&lt;/td&gt;&#34;, &#34;&lt;td class=\&#34;col-duration\&#34;&gt;0 ms&lt;/td&gt;&#34;, &#34;&lt;td class=\&#34;col-links\&#34;&gt;&lt;/td&gt;&#34;], &#34;log&#34;: &#34;file /usr/src/app/tests/test_orders.py, line 22\n  def test_get_all_orders_as_admin(client: TestClient, admin_user_auth_headers: dict):\nE       fixture &amp;#x27;admin_user_auth_headers&amp;#x27; not found\n&amp;gt;       available fixtures: anyio_backend, anyio_backend_name, anyio_backend_options, auth_headers, cache, capfd, capfdbinary, caplog, capsys, capsysbinary, capteesys, client, doctest_namespace, extra, extras, free_tcp_port, free_tcp_port_factory, free_udp_port, free_udp_port_factory, include_metadata_in_junit_xml, metadata, monkeypatch, pytestconfig, record_property, record_testsuite_property, record_xml_attribute, recwarn, setup_test_db, tmp_path, tmp_path_factory, tmpdir, tmpdir_factory\n&amp;gt;       use &amp;#x27;pytest --fixtures [testpath]&amp;#x27; for help on them.\n\n/usr/src/app/tests/test_orders.py:22\n&#34;}], &#34;tests/test_orders.py::test_customer_cannot_get_all_orders&#34;: [{&#34;extras&#34;: [], &#34;result&#34;: &#34;Error&#34;, &#34;testId&#34;: &#34;tests/test_orders.py::test_customer_cannot_get_all_orders::setup&#34;, &#34;duration&#34;: &#34;0 ms&#34;, &#34;resultsTableRow&#34;: [&#34;&lt;td class=\&#34;col-result\&#34;&gt;Error&lt;/td&gt;&#34;, &#34;&lt;td class=\&#34;col-testId\&#34;&gt;tests/test_orders.py::test_customer_cannot_get_all_orders::setup&lt;/td&gt;&#34;, &#34;&lt;td class=\&#34;col-duration\&#34;&gt;0 ms&lt;/td&gt;&#34;, &#34;&lt;td class=\&#34;col-links\&#34;&gt;&lt;/td&gt;&#34;], &#34;log&#34;: &#34;file /usr/src/app/tests/test_orders.py, line 28\n  def test_customer_cannot_get_all_orders(client: TestClient, customer_user_auth_headers: dict):\nE       fixture &amp;#x27;customer_user_auth_headers&amp;#x27; not found\n&amp;gt;       available fixtures: anyio_backend, anyio_backend_name, anyio_backend_options, auth_headers, cache, capfd, capfdbinary, caplog, capsys, capsysbinary, capteesys, client, doctest_namespace, extra, extras, free_tcp_port, free_tcp_port_factory, free_udp_port, free_udp_port_factory, include_metadata_in_junit_xml, metadata, monkeypatch, pytestconfig, record_property, record_testsuite_property, record_xml_attribute, recwarn, setup_test_db, tmp_path, tmp_path_factory, tmpdir, tmpdir_factory\n&amp;gt;       use &amp;#x27;pytest --fixtures [testpath]&amp;#x27; for help on them.\n\n/usr/src/app/tests/test_orders.py:28\n&#34;}], &#34;tests/test_products.py::test_vendor_can_create_product&#34;: [{&#34;extras&#34;: [], &#34;result&#34;: &#34;Error&#34;, &#34;testId&#34;: &#34;tests/test_products.py::test_vendor_can_create_product::setup&#34;, &#34;duration&#34;: &#34;4 ms&#34;, &#34;resultsTableRow&#34;: [&#34;&lt;td class=\&#34;col-result\&#34;&gt;Error&lt;/td&gt;&#34;, &#34;&lt;td class=\&#34;col-testId\&#34;&gt;tests/test_products.py::test_vendor_can_create_product::setup&lt;/td&gt;&#34;, &#34;&lt;td class=\&#34;col-duration\&#34;&gt;4 ms&lt;/td&gt;&#34;, &#34;&lt;td class=\&#34;col-links\&#34;&gt;&lt;/td&gt;&#34;], &#34;log&#34;: &#34;file /usr/src/app/tests/test_products.py, line 4\n  def test_vendor_can_create_product(client: TestClient, vendor_user_auth_headers: dict):\nE       fixture &amp;#x27;vendor_user_auth_headers&amp;#x27; not found\n&amp;gt;       available fixtures: anyio_backend, anyio_backend_name, anyio_backend_options, auth_headers, cache, capfd, capfdbinary, caplog, capsys, capsysbinary, capteesys, client, doctest_namespace, extra, extras, free_tcp_port, free_tcp_port_factory, free_udp_port, free_udp_port_factory, include_metadata_in_junit_xml, metadata, monkeypatch, pytestconfig, record_property, record_testsuite_property, record_xml_attribute, recwarn, setup_test_db, tmp_path, tmp_path_factory, tmpdir, tmpdir_factory\n&amp;gt;       use &amp;#x27;pytest --fixtures [testpath]&amp;#x27; for help on them.\n\n/usr/src/app/tests/test_products.py:4\n&#34;}], &#34;tests/test_products.py::test_get_all_products&#34;: [{&#34;extras&#34;: [], &#34;result&#34;: &#34;Error&#34;, &#34;testId&#34;: &#34;tests/test_products.py::test_get_all_products::setup&#34;, &#34;duration&#34;: &#34;0 ms&#34;, &#34;resultsTableRow&#34;: [&#34;&lt;td class=\&#34;col-result\&#34;&gt;Error&lt;/td&gt;&#34;, &#34;&lt;td class=\&#34;col-testId\&#34;&gt;tests/test_products.py::test_get_all_products::setup&lt;/td&gt;&#34;, &#34;&lt;td class=\&#34;col-duration\&#34;&gt;0 ms&lt;/td&gt;&#34;, &#34;&lt;td class=\&#34;col-links\&#34;&gt;&lt;/td&gt;&#34;], &#34;log&#34;: &#34;file /usr/src/app/tests/test_products.py, line 11\n  def test_get_all_products(client: TestClient, test_product: dict):\nE       fixture &amp;#x27;test_product&amp;#x27; not found\n&amp;gt;       available fixtures: anyio_backend, anyio_backend_name, anyio_backend_options, auth_headers, cache, capfd, capfdbinary, caplog, capsys, capsysbinary, capteesys, client, doctest_namespace, extra, extras, free_tcp_port, free_tcp_port_factory, free_udp_port, free_udp_port_factory, include_metadata_in_junit_xml, metadata, monkeypatch, pytestconfig, record_property, record_testsuite_property, record_xml_attribute, recwarn, setup_test_db, tmp_path, tmp_path_factory, tmpdir, tmpdir_factory\n&amp;gt;       use &amp;#x27;pytest --fixtures [testpath]&amp;#x27; for help on them.\n\n/usr/src/app/tests/test_products.py:11\n&#34;}], &#34;tests/test_products.py::test_get_one_product&#34;: [{&#34;extras&#34;: [], &#34;result&#34;: &#34;Error&#34;, &#34;testId&#34;: &#34;tests/test_products.py::test_get_one_product::setup&#34;, &#34;duration&#34;: &#34;0 ms&#34;, &#34;resultsTableRow&#34;: [&#34;&lt;td class=\&#34;col-result\&#34;&gt;Error&lt;/td&gt;&#34;, &#34;&lt;td class=\&#34;col-testId\&#34;&gt;tests/test_products.py::test_get_one_product::setup&lt;/td&gt;&#34;, &#34;&lt;td class=\&#34;col-duration\&#34;&gt;0 ms&lt;/td&gt;&#34;, &#34;&lt;td class=\&#34;col-links\&#34;&gt;&lt;/td&gt;&#34;], &#34;log&#34;: &#34;file /usr/src/app/tests/test_products.py, line 19\n  def test_get_one_product(client: TestClient, test_product: dict):\nE       fixture &amp;#x27;test_product&amp;#x27; not found\n&amp;gt;       available fixtures: anyio_backend, anyio_backend_name, anyio_backend_options, auth_headers, cache, capfd, capfdbinary, caplog, capsys, capsysbinary, capteesys, client, doctest_namespace, extra, extras, free_tcp_port, free_tcp_port_factory, free_udp_port, free_udp_port_factory, include_metadata_in_junit_xml, metadata, monkeypatch, pytestconfig, record_property, record_testsuite_property, record_xml_attribute, recwarn, setup_test_db, tmp_path, tmp_path_factory, tmpdir, tmpdir_factory\n&amp;gt;       use &amp;#x27;pytest --fixtures [testpath]&amp;#x27; for help on them.\n\n/usr/src/app/tests/test_products.py:19\n&#34;}], &#34;tests/test_products.py::test_vendor_can_update_own_product&#34;: [{&#34;extras&#34;: [], &#34;result&#34;: &#34;Error&#34;, &#34;testId&#34;: &#34;tests/test_products.py::test_vendor_can_update_own_product::setup&#34;, &#34;duration&#34;: &#34;0 ms&#34;, &#34;resultsTableRow&#34;: [&#34;&lt;td class=\&#34;col-result\&#34;&gt;Error&lt;/td&gt;&#34;, &#34;&lt;td class=\&#34;col-testId\&#34;&gt;tests/test_products.py::test_vendor_can_update_own_product::setup&lt;/td&gt;&#34;, &#34;&lt;td class=\&#34;col-duration\&#34;&gt;0 ms&lt;/td&gt;&#34;, &#34;&lt;td class=\&#34;col-links\&#34;&gt;&lt;/td&gt;&#34;], &#34;log&#34;: &#34;file /usr/src/app/tests/test_products.py, line 25\n  def test_vendor_can_update_own_product(client: TestClient, test_product: dict, vendor_user_auth_headers: dict):\nE       fixture &amp;#x27;test_product&amp;#x27; not found\n&amp;gt;       available fixtures: anyio_backend, anyio_backend_name, anyio_backend_options, auth_headers, cache, capfd, capfdbinary, caplog, capsys, capsysbinary, capteesys, client, doctest_namespace, extra, extras, free_tcp_port, free_tcp_port_factory, free_udp_port, free_udp_port_factory, include_metadata_in_junit_xml, metadata, monkeypatch, pytestconfig, record_property, record_testsuite_property, record_xml_attribute, recwarn, setup_test_db, tmp_path, tmp_path_factory, tmpdir, tmpdir_factory\n&amp;gt;       use &amp;#x27;pytest --fixtures [testpath]&amp;#x27; for help on them.\n\n/usr/src/app/tests/test_products.py:25\n&#34;}], &#34;tests/test_products.py::test_admin_can_delete_product&#34;: [{&#34;extras&#34;: [], &#34;result&#34;: &#34;Error&#34;, &#34;testId&#34;: &#34;tests/test_products.py::test_admin_can_delete_product::setup&#34;, &#34;duration&#34;: &#34;0 ms&#34;, &#34;resultsTableRow&#34;: [&#34;&lt;td class=\&#34;col-result\&#34;&gt;Error&lt;/td&gt;&#34;, &#34;&lt;td class=\&#34;col-testId\&#34;&gt;tests/test_products.py::test_admin_can_delete_product::setup&lt;/td&gt;&#34;, &#34;&lt;td class=\&#34;col-duration\&#34;&gt;0 ms&lt;/td&gt;&#34;, &#34;&lt;td class=\&#34;col-links\&#34;&gt;&lt;/td&gt;&#34;], &#34;log&#34;: &#34;file /usr/src/app/tests/test_products.py, line 32\n  def test_admin_can_delete_product(client: TestClient, test_product: dict, admin_user_auth_headers: dict):\nE       fixture &amp;#x27;test_product&amp;#x27; not found\n&amp;gt;       available fixtures: anyio_backend, anyio_backend_name, anyio_backend_options, auth_headers, cache, capfd, capfdbinary, caplog, capsys, capsysbinary, capteesys, client, doctest_namespace, extra, extras, free_tcp_port, free_tcp_port_factory, free_udp_port, free_udp_port_factory, include_metadata_in_junit_xml, metadata, monkeypatch, pytestconfig, record_property, record_testsuite_property, record_xml_attribute, recwarn, setup_test_db, tmp_path, tmp_path_factory, tmpdir, tmpdir_factory\n&amp;gt;       use &amp;#x27;pytest --fixtures [testpath]&amp;#x27; for help on them.\n\n/usr/src/app/tests/test_products.py:32\n&#34;}], &#34;tests/test_rwas.py::test_create_rwa&#34;: [{&#34;extras&#34;: [], &#34;result&#34;: &#34;Error&#34;, &#34;testId&#34;: &#34;tests/test_rwas.py::test_create_rwa::setup&#34;, &#34;duration&#34;: &#34;4 ms&#34;, &#34;resultsTableRow&#34;: [&#34;&lt;td class=\&#34;col-result\&#34;&gt;Error&lt;/td&gt;&#34;, &#34;&lt;td class=\&#34;col-testId\&#34;&gt;tests/test_rwas.py::test_create_rwa::setup&lt;/td&gt;&#34;, &#34;&lt;td class=\&#34;col-duration\&#34;&gt;4 ms&lt;/td&gt;&#34;, &#34;&lt;td class=\&#34;col-links\&#34;&gt;&lt;/td&gt;&#34;], &#34;log&#34;: &#34;file /usr/src/app/tests/test_rwas.py, line 4\n  def test_create_rwa(client: TestClient, admin_user_auth_headers: dict):\nE       fixture &amp;#x27;admin_user_auth_headers&amp;#x27; not found\n&amp;gt;       available fixtures: anyio_backend, anyio_backend_name, anyio_backend_options, auth_headers, cache, capfd, capfdbinary, caplog, capsys, capsysbinary, capteesys, client, doctest_namespace, extra, extras, free_tcp_port, free_tcp_port_factory, free_udp_port, free_udp_port_factory, include_metadata_in_junit_xml, metadata, monkeypatch, pytestconfig, record_property, record_testsuite_property, record_xml_attribute, recwarn, setup_test_db, tmp_path, tmp_path_factory, tmpdir, tmpdir_factory\n&amp;gt;       use &amp;#x27;pytest --fixtures [testpath]&amp;#x27; for help on them.\n\n/usr/src/app/tests/test_rwas.py:4\n&#34;}], &#34;tests/test_rwas.py::test_get_all_rwas&#34;: [{&#34;extras&#34;: [], &#34;result&#34;: &#34;Error&#34;, &#34;testId&#34;: &#34;tests/test_rwas.py::test_get_all_rwas::setup&#34;, &#34;duration&#34;: &#34;0 ms&#34;, &#34;resultsTableRow&#34;: [&#34;&lt;td class=\&#34;col-result\&#34;&gt;Error&lt;/td&gt;&#34;, &#34;&lt;td class=\&#34;col-testId\&#34;&gt;tests/test_rwas.py::test_get_all_rwas::setup&lt;/td&gt;&#34;, &#34;&lt;td class=\&#34;col-duration\&#34;&gt;0 ms&lt;/td&gt;&#34;, &#34;&lt;td class=\&#34;col-links\&#34;&gt;&lt;/td&gt;&#34;], &#34;log&#34;: &#34;file /usr/src/app/tests/test_rwas.py, line 11\n  def test_get_all_rwas(client: TestClient, test_rwa: dict):\nE       fixture &amp;#x27;test_rwa&amp;#x27; not found\n&amp;gt;       available fixtures: anyio_backend, anyio_backend_name, anyio_backend_options, auth_headers, cache, capfd, capfdbinary, caplog, capsys, capsysbinary, capteesys, client, doctest_namespace, extra, extras, free_tcp_port, free_tcp_port_factory, free_udp_port, free_udp_port_factory, include_metadata_in_junit_xml, metadata, monkeypatch, pytestconfig, record_property, record_testsuite_property, record_xml_attribute, recwarn, setup_test_db, tmp_path, tmp_path_factory, tmpdir, tmpdir_factory\n&amp;gt;       use &amp;#x27;pytest --fixtures [testpath]&amp;#x27; for help on them.\n\n/usr/src/app/tests/test_rwas.py:11\n&#34;}], &#34;tests/test_rwas.py::test_get_rwa_by_id&#34;: [{&#34;extras&#34;: [], &#34;result&#34;: &#34;Error&#34;, &#34;testId&#34;: &#34;tests/test_rwas.py::test_get_rwa_by_id::setup&#34;, &#34;duration&#34;: &#34;1 ms&#34;, &#34;resultsTableRow&#34;: [&#34;&lt;td class=\&#34;col-result\&#34;&gt;Error&lt;/td&gt;&#34;, &#34;&lt;td class=\&#34;col-testId\&#34;&gt;tests/test_rwas.py::test_get_rwa_by_id::setup&lt;/td&gt;&#34;, &#34;&lt;td class=\&#34;col-duration\&#34;&gt;1 ms&lt;/td&gt;&#34;, &#34;&lt;td class=\&#34;col-links\&#34;&gt;&lt;/td&gt;&#34;], &#34;log&#34;: &#34;file /usr/src/app/tests/test_rwas.py, line 19\n  def test_get_rwa_by_id(client: TestClient, test_rwa: dict):\nE       fixture &amp;#x27;test_rwa&amp;#x27; not found\n&amp;gt;       available fixtures: anyio_backend, anyio_backend_name, anyio_backend_options, auth_headers, cache, capfd, capfdbinary, caplog, capsys, capsysbinary, capteesys, client, doctest_namespace, extra, extras, free_tcp_port, free_tcp_port_factory, free_udp_port, free_udp_port_factory, include_metadata_in_junit_xml, metadata, monkeypatch, pytestconfig, record_property, record_testsuite_property, record_xml_attribute, recwarn, setup_test_db, tmp_path, tmp_path_factory, tmpdir, tmpdir_factory\n&amp;gt;       use &amp;#x27;pytest --fixtures [testpath]&amp;#x27; for help on them.\n\n/usr/src/app/tests/test_rwas.py:19\n&#34;}], &#34;tests/test_users.py::test_create_user&#34;: [{&#34;extras&#34;: [], &#34;result&#34;: &#34;Passed&#34;, &#34;testId&#34;: &#34;tests/test_users.py::test_create_user&#34;, &#34;duration&#34;: &#34;329 ms&#34;, &#34;resultsTableRow&#34;: [&#34;&lt;td class=\&#34;col-result\&#34;&gt;Passed&lt;/td&gt;&#34;, &#34;&lt;td class=\&#34;col-testId\&#34;&gt;tests/test_users.py::test_create_user&lt;/td&gt;&#34;, &#34;&lt;td class=\&#34;col-duration\&#34;&gt;329 ms&lt;/td&gt;&#34;, &#34;&lt;td class=\&#34;col-links\&#34;&gt;&lt;/td&gt;&#34;], &#34;log&#34;: &#34;----------------------------- Captured stdout call -----------------------------\n2025-07-23 21:04:31,699 - app.api.endpoints.users - INFO - \u2139\ufe0f Attempting to create user with email: test.create.6454@example.com\n2025-07-23 21:04:32,015 - app.api.endpoints.users - INFO - \u2705 Successfully created user with ID: 57c1933a-c0ed-44e5-9c0e-08f6380a3392\n&#34;}], &#34;tests/test_users.py::test_create_user_existing_email&#34;: [{&#34;extras&#34;: [], &#34;result&#34;: &#34;Passed&#34;, &#34;testId&#34;: &#34;tests/test_users.py::test_create_user_existing_email&#34;, &#34;duration&#34;: &#34;630 ms&#34;, &#34;resultsTableRow&#34;: [&#34;&lt;td class=\&#34;col-result\&#34;&gt;Passed&lt;/td&gt;&#34;, &#34;&lt;td class=\&#34;col-testId\&#34;&gt;tests/test_users.py::test_create_user_existing_email&lt;/td&gt;&#34;, &#34;&lt;td class=\&#34;col-duration\&#34;&gt;630 ms&lt;/td&gt;&#34;, &#34;&lt;td class=\&#34;col-links\&#34;&gt;&lt;/td&gt;&#34;], &#34;log&#34;: &#34;---------------------------- Captured stdout setup -----------------------------\n2025-07-23 21:04:32,024 - app.api.endpoints.users - INFO - \u2139\ufe0f Attempting to create user with email: fixture.user@example.com\n2025-07-23 21:04:32,343 - app.api.endpoints.users - INFO - \u2705 Successfully created user with ID: 92d509d6-d782-4a85-bc20-fe3fd102e6c8\n2025-07-23 21:04:32,350 - app.api.endpoints.login - INFO - \u2139\ufe0f Login attempt for user: fixture.user@example.com\n2025-07-23 21:04:32,643 - app.api.endpoints.login - INFO - \u2705 Successful login for user: fixture.user@example.com (ID: 92d509d6-d782-4a85-bc20-fe3fd102e6c8)\n\n----------------------------- Captured stdout call -----------------------------\n2025-07-23 21:04:32,648 - app.api.endpoints.users - INFO - \u2139\ufe0f Attempting to create user with email: fixture.user@example.com\n2025-07-23 21:04:32,649 - app.api.endpoints.users - WARNING - \u26a0\ufe0f User creation failed: email fixture.user@example.com already exists.\n&#34;}], &#34;tests/test_users.py::test_read_users_me&#34;: [{&#34;extras&#34;: [], &#34;result&#34;: &#34;Passed&#34;, &#34;testId&#34;: &#34;tests/test_users.py::test_read_users_me&#34;, &#34;duration&#34;: &#34;8 ms&#34;, &#34;resultsTableRow&#34;: [&#34;&lt;td class=\&#34;col-result\&#34;&gt;Passed&lt;/td&gt;&#34;, &#34;&lt;td class=\&#34;col-testId\&#34;&gt;tests/test_users.py::test_read_users_me&lt;/td&gt;&#34;, &#34;&lt;td class=\&#34;col-duration\&#34;&gt;8 ms&lt;/td&gt;&#34;, &#34;&lt;td class=\&#34;col-links\&#34;&gt;&lt;/td&gt;&#34;], &#34;log&#34;: &#34;----------------------------- Captured stdout call -----------------------------\n2025-07-23 21:04:32,660 - app.api.endpoints.users - INFO - \u2139\ufe0f User &amp;#x27;92d509d6-d782-4a85-bc20-fe3fd102e6c8&amp;#x27; requesting their own profile.\n&#34;}], &#34;tests/test_users.py::test_create_user_without_email&#34;: [{&#34;extras&#34;: [], &#34;result&#34;: &#34;Failed&#34;, &#34;testId&#34;: &#34;tests/test_users.py::test_create_user_without_email&#34;, &#34;duration&#34;: &#34;7 ms&#34;, &#34;resultsTableRow&#34;: [&#34;&lt;td class=\&#34;col-result\&#34;&gt;Failed&lt;/td&gt;&#34;, &#34;&lt;td class=\&#34;col-testId\&#34;&gt;tests/test_users.py::test_create_user_without_email&lt;/td&gt;&#34;, &#34;&lt;td class=\&#34;col-duration\&#34;&gt;7 ms&lt;/td&gt;&#34;, &#34;&lt;td class=\&#34;col-links\&#34;&gt;&lt;/td&gt;&#34;], &#34;log&#34;: &#34;client = &amp;lt;starlette.testclient.TestClient object at 0x78b1857efa10&amp;gt;\n\n    def test_create_user_without_email(client: TestClient):\n        &amp;quot;&amp;quot;&amp;quot;\n        Test error when creating a user without an email.\n        &amp;quot;&amp;quot;&amp;quot;\n        user_data = {\n            &amp;quot;name&amp;quot;: &amp;quot;No Email User&amp;quot;,\n            &amp;quot;password&amp;quot;: &amp;quot;securepassword&amp;quot;\n        }\n        response = client.post(&amp;quot;/api/v1/users/&amp;quot;, json=user_data)\n        assert response.status_code == 422  # Unprocessable Entity\n&amp;gt;       assert response.json()[&amp;quot;detail&amp;quot;][0][&amp;quot;msg&amp;quot;] == &amp;quot;field required&amp;quot;\nE       AssertionError: assert &amp;#x27;Field required&amp;#x27; == &amp;#x27;field required&amp;#x27;\nE         \nE         - field required\nE         ? ^\nE         + Field required\nE         ? ^\n\ntests/test_users.py:56: AssertionError\n&#34;}], &#34;tests/test_users.py::test_create_user_with_invalid_email&#34;: [{&#34;extras&#34;: [], &#34;result&#34;: &#34;Failed&#34;, &#34;testId&#34;: &#34;tests/test_users.py::test_create_user_with_invalid_email&#34;, &#34;duration&#34;: &#34;5 ms&#34;, &#34;resultsTableRow&#34;: [&#34;&lt;td class=\&#34;col-result\&#34;&gt;Failed&lt;/td&gt;&#34;, &#34;&lt;td class=\&#34;col-testId\&#34;&gt;tests/test_users.py::test_create_user_with_invalid_email&lt;/td&gt;&#34;, &#34;&lt;td class=\&#34;col-duration\&#34;&gt;5 ms&lt;/td&gt;&#34;, &#34;&lt;td class=\&#34;col-links\&#34;&gt;&lt;/td&gt;&#34;], &#34;log&#34;: &#34;client = &amp;lt;starlette.testclient.TestClient object at 0x78b1857efa10&amp;gt;\n\n    def test_create_user_with_invalid_email(client: TestClient):\n        &amp;quot;&amp;quot;&amp;quot;\n        Test error when creating a user with an invalid email.\n        &amp;quot;&amp;quot;&amp;quot;\n        user_data = {\n            &amp;quot;name&amp;quot;: &amp;quot;Invalid Email User&amp;quot;,\n            &amp;quot;email&amp;quot;: &amp;quot;invalid-email-format&amp;quot;,\n            &amp;quot;password&amp;quot;: &amp;quot;securepassword&amp;quot;\n        }\n        response = client.post(&amp;quot;/api/v1/users/&amp;quot;, json=user_data)\n        assert response.status_code == 422  # Unprocessable Entity\n&amp;gt;       assert response.json()[&amp;quot;detail&amp;quot;][0][&amp;quot;msg&amp;quot;] == &amp;quot;value is not a valid email address&amp;quot;\nE       AssertionError: assert &amp;#x27;value is not...ve an @-sign.&amp;#x27; == &amp;#x27;value is not...email address&amp;#x27;\nE         \nE         - value is not a valid email address\nE         + value is not a valid email address: An email address must have an @-sign.\n\ntests/test_users.py:69: AssertionError\n&#34;}], &#34;tests/test_users.py::test_create_user_without_password&#34;: [{&#34;extras&#34;: [], &#34;result&#34;: &#34;Failed&#34;, &#34;testId&#34;: &#34;tests/test_users.py::test_create_user_without_password&#34;, &#34;duration&#34;: &#34;5 ms&#34;, &#34;resultsTableRow&#34;: [&#34;&lt;td class=\&#34;col-result\&#34;&gt;Failed&lt;/td&gt;&#34;, &#34;&lt;td class=\&#34;col-testId\&#34;&gt;tests/test_users.py::test_create_user_without_password&lt;/td&gt;&#34;, &#34;&lt;td class=\&#34;col-duration\&#34;&gt;5 ms&lt;/td&gt;&#34;, &#34;&lt;td class=\&#34;col-links\&#34;&gt;&lt;/td&gt;&#34;], &#34;log&#34;: &#34;client = &amp;lt;starlette.testclient.TestClient object at 0x78b1857efa10&amp;gt;\n\n    def test_create_user_without_password(client: TestClient):\n        &amp;quot;&amp;quot;&amp;quot;\n        Test error when creating a user without a password.\n        &amp;quot;&amp;quot;&amp;quot;\n        user_data = {\n            &amp;quot;name&amp;quot;: &amp;quot;No Password User&amp;quot;,\n            &amp;quot;email&amp;quot;: &amp;quot;no.password@example.com&amp;quot;\n        }\n        response = client.post(&amp;quot;/api/v1/users/&amp;quot;, json=user_data)\n        assert response.status_code == 422  # Unprocessable Entity\n&amp;gt;       assert response.json()[&amp;quot;detail&amp;quot;][0][&amp;quot;msg&amp;quot;] == &amp;quot;field required&amp;quot;\nE       AssertionError: assert &amp;#x27;Field required&amp;#x27; == &amp;#x27;field required&amp;#x27;\nE         \nE         - field required\nE         ? ^\nE         + Field required\nE         ? ^\n\ntests/test_users.py:81: AssertionError\n&#34;}], &#34;tests/test_users.py::test_read_users_me_unauthenticated&#34;: [{&#34;extras&#34;: [], &#34;result&#34;: &#34;Passed&#34;, &#34;testId&#34;: &#34;tests/test_users.py::test_read_users_me_unauthenticated&#34;, &#34;duration&#34;: &#34;4 ms&#34;, &#34;resultsTableRow&#34;: [&#34;&lt;td class=\&#34;col-result\&#34;&gt;Passed&lt;/td&gt;&#34;, &#34;&lt;td class=\&#34;col-testId\&#34;&gt;tests/test_users.py::test_read_users_me_unauthenticated&lt;/td&gt;&#34;, &#34;&lt;td class=\&#34;col-duration\&#34;&gt;4 ms&lt;/td&gt;&#34;, &#34;&lt;td class=\&#34;col-links\&#34;&gt;&lt;/td&gt;&#34;], &#34;log&#34;: &#34;No log output captured.&#34;}], &#34;tests/test_users.py::test_create_user_duplicate&#34;: [{&#34;extras&#34;: [], &#34;result&#34;: &#34;Passed&#34;, &#34;testId&#34;: &#34;tests/test_users.py::test_create_user_duplicate&#34;, &#34;duration&#34;: &#34;9 ms&#34;, &#34;resultsTableRow&#34;: [&#34;&lt;td class=\&#34;col-result\&#34;&gt;Passed&lt;/td&gt;&#34;, &#34;&lt;td class=\&#34;col-testId\&#34;&gt;tests/test_users.py::test_create_user_duplicate&lt;/td&gt;&#34;, &#34;&lt;td class=\&#34;col-duration\&#34;&gt;9 ms&lt;/td&gt;&#34;, &#34;&lt;td class=\&#34;col-links\&#34;&gt;&lt;/td&gt;&#34;], &#34;log&#34;: &#34;----------------------------- Captured stdout call -----------------------------\n2025-07-23 21:04:33,226 - app.api.endpoints.users - INFO - \u2139\ufe0f Attempting to create user with email: fixture.user@example.com\n2025-07-23 21:04:33,229 - app.api.endpoints.users - WARNING - \u26a0\ufe0f User creation failed: email fixture.user@example.com already exists.\n&#34;}], &#34;tests/test_users.py::test_update_user_me&#34;: [{&#34;extras&#34;: [], &#34;result&#34;: &#34;Failed&#34;, &#34;testId&#34;: &#34;tests/test_users.py::test_update_user_me&#34;, &#34;duration&#34;: &#34;19 ms&#34;, &#34;resultsTableRow&#34;: [&#34;&lt;td class=\&#34;col-result\&#34;&gt;Failed&lt;/td&gt;&#34;, &#34;&lt;td class=\&#34;col-testId\&#34;&gt;tests/test_users.py::test_update_user_me&lt;/td&gt;&#34;, &#34;&lt;td class=\&#34;col-duration\&#34;&gt;19 ms&lt;/td&gt;&#34;, &#34;&lt;td class=\&#34;col-links\&#34;&gt;&lt;/td&gt;&#34;], &#34;log&#34;: &#34;client = &amp;lt;starlette.testclient.TestClient object at 0x78b1857efa10&amp;gt;\nauth_headers = {&amp;#x27;Authorization&amp;#x27;: &amp;#x27;Bearer eyJhbGciOiJIUzI1NiIsInR5cCI6IkpXVCJ9.eyJleHAiOjE3NTMzMDgyNzIsInN1YiI6IjkyZDUwOWQ2LWQ3ODItNGE4NS1iYzIwLWZlM2ZkMTAyZTZjOCJ9.DB-dJ_FRFaWXVLwahWNFgjnctA2nixkzxbRs8HPeDzI&amp;#x27;}\n\n    def test_update_user_me(client: TestClient, auth_headers: dict):\n        &amp;quot;&amp;quot;&amp;quot;\n        Test updating the current user&amp;#x27;s data.\n        &amp;quot;&amp;quot;&amp;quot;\n        new_name = &amp;quot;Updated Name&amp;quot;\n        response = client.put(&amp;quot;/api/v1/users/me&amp;quot;, headers=auth_headers, json={&amp;quot;name&amp;quot;: new_name})\n&amp;gt;       assert response.status_code == 200\nE       assert 422 == 200\nE        +  where 422 = &amp;lt;Response [422 Unprocessable Entity]&amp;gt;.status_code\n\ntests/test_users.py:110: AssertionError\n&#34;}], &#34;tests/test_users.py::test_update_user_me_unauthenticated&#34;: [{&#34;extras&#34;: [], &#34;result&#34;: &#34;Passed&#34;, &#34;testId&#34;: &#34;tests/test_users.py::test_update_user_me_unauthenticated&#34;, &#34;duration&#34;: &#34;5 ms&#34;, &#34;resultsTableRow&#34;: [&#34;&lt;td class=\&#34;col-result\&#34;&gt;Passed&lt;/td&gt;&#34;, &#34;&lt;td class=\&#34;col-testId\&#34;&gt;tests/test_users.py::test_update_user_me_unauthenticated&lt;/td&gt;&#34;, &#34;&lt;td class=\&#34;col-duration\&#34;&gt;5 ms&lt;/td&gt;&#34;, &#34;&lt;td class=\&#34;col-links\&#34;&gt;&lt;/td&gt;&#34;], &#34;log&#34;: &#34;No log output captured.&#34;}], &#34;tests/test_users.py::test_read_user_by_id&#34;: [{&#34;extras&#34;: [], &#34;result&#34;: &#34;Failed&#34;, &#34;testId&#34;: &#34;tests/test_users.py::test_read_user_by_id&#34;, &#34;duration&#34;: &#34;8 ms&#34;, &#34;resultsTableRow&#34;: [&#34;&lt;td class=\&#34;col-result\&#34;&gt;Failed&lt;/td&gt;&#34;, &#34;&lt;td class=\&#34;col-testId\&#34;&gt;tests/test_users.py::test_read_user_by_id&lt;/td&gt;&#34;, &#34;&lt;td class=\&#34;col-duration\&#34;&gt;8 ms&lt;/td&gt;&#34;, &#34;&lt;td class=\&#34;col-links\&#34;&gt;&lt;/td&gt;&#34;], &#34;log&#34;: &#34;client = &amp;lt;starlette.testclient.TestClient object at 0x78b1857efa10&amp;gt;\nauth_headers = {&amp;#x27;Authorization&amp;#x27;: &amp;#x27;Bearer eyJhbGciOiJIUzI1NiIsInR5cCI6IkpXVCJ9.eyJleHAiOjE3NTMzMDgyNzIsInN1YiI6IjkyZDUwOWQ2LWQ3ODItNGE4NS1iYzIwLWZlM2ZkMTAyZTZjOCJ9.DB-dJ_FRFaWXVLwahWNFgjnctA2nixkzxbRs8HPeDzI&amp;#x27;}\n\n    def test_read_user_by_id(client: TestClient, auth_headers: dict):\n        &amp;quot;&amp;quot;&amp;quot;\n        Test fetching a user&amp;#x27;s data by ID (admin only).\n        &amp;quot;&amp;quot;&amp;quot;\n        response = client.get(&amp;quot;/api/v1/users/1&amp;quot;, headers=auth_headers)\n&amp;gt;       assert response.status_code == 200\nE       assert 422 == 200\nE        +  where 422 = &amp;lt;Response [422 Unprocessable Entity]&amp;gt;.status_code\n\ntests/test_users.py:127: AssertionError\n&#34;}], &#34;tests/test_users.py::test_read_user_by_id_unauthorized&#34;: [{&#34;extras&#34;: [], &#34;result&#34;: &#34;Failed&#34;, &#34;testId&#34;: &#34;tests/test_users.py::test_read_user_by_id_unauthorized&#34;, &#34;duration&#34;: &#34;5 ms&#34;, &#34;resultsTableRow&#34;: [&#34;&lt;td class=\&#34;col-result\&#34;&gt;Failed&lt;/td&gt;&#34;, &#34;&lt;td class=\&#34;col-testId\&#34;&gt;tests/test_users.py::test_read_user_by_id_unauthorized&lt;/td&gt;&#34;, &#34;&lt;td class=\&#34;col-duration\&#34;&gt;5 ms&lt;/td&gt;&#34;, &#34;&lt;td class=\&#34;col-links\&#34;&gt;&lt;/td&gt;&#34;], &#34;log&#34;: &#34;client = &amp;lt;starlette.testclient.TestClient object at 0x78b1857efa10&amp;gt;\nauth_headers = {&amp;#x27;Authorization&amp;#x27;: &amp;#x27;Bearer eyJhbGciOiJIUzI1NiIsInR5cCI6IkpXVCJ9.eyJleHAiOjE3NTMzMDgyNzIsInN1YiI6IjkyZDUwOWQ2LWQ3ODItNGE4NS1iYzIwLWZlM2ZkMTAyZTZjOCJ9.DB-dJ_FRFaWXVLwahWNFgjnctA2nixkzxbRs8HPeDzI&amp;#x27;}\n\n    def test_read_user_by_id_unauthorized(client: TestClient, auth_headers: dict):\n        &amp;quot;&amp;quot;&amp;quot;\n        Test error when fetching a user&amp;#x27;s data by ID without admin rights.\n        &amp;quot;&amp;quot;&amp;quot;\n        response = client.get(&amp;quot;/api/v1/users/1&amp;quot;)\n&amp;gt;       assert response.status_code == 403  # Forbidden\n        ^^^^^^^^^^^^^^^^^^^^^^^^^^^^^^^^^^\nE       assert 401 == 403\nE        +  where 401 = &amp;lt;Response [401 Unauthorized]&amp;gt;.status_code\n\ntests/test_users.py:136: AssertionError\n&#34;}], &#34;tests/test_users.py::test_update_user_by_id&#34;: [{&#34;extras&#34;: [], &#34;result&#34;: &#34;Failed&#34;, &#34;testId&#34;: &#34;tests/test_users.py::test_update_user_by_id&#34;, &#34;duration&#34;: &#34;11 ms&#34;, &#34;resultsTableRow&#34;: [&#34;&lt;td class=\&#34;col-result\&#34;&gt;Failed&lt;/td&gt;&#34;, &#34;&lt;td class=\&#34;col-testId\&#34;&gt;tests/test_users.py::test_update_user_by_id&lt;/td&gt;&#34;, &#34;&lt;td class=\&#34;col-duration\&#34;&gt;11 ms&lt;/td&gt;&#34;, &#34;&lt;td class=\&#34;col-links\&#34;&gt;&lt;/td&gt;&#34;], &#34;log&#34;: &#34;client = &amp;lt;starlette.testclient.TestClient object at 0x78b1857efa10&amp;gt;\nauth_headers = {&amp;#x27;Authorization&amp;#x27;: &amp;#x27;Bearer eyJhbGciOiJIUzI1NiIsInR5cCI6IkpXVCJ9.eyJleHAiOjE3NTMzMDgyNzIsInN1YiI6IjkyZDUwOWQ2LWQ3ODItNGE4NS1iYzIwLWZlM2ZkMTAyZTZjOCJ9.DB-dJ_FRFaWXVLwahWNFgjnctA2nixkzxbRs8HPeDzI&amp;#x27;}\n\n    def test_update_user_by_id(client: TestClient, auth_headers: dict):\n        &amp;quot;&amp;quot;&amp;quot;\n        Test updating a user&amp;#x27;s data by ID (admin only).\n        &amp;quot;&amp;quot;&amp;quot;\n        new_data = {&amp;quot;name&amp;quot;: &amp;quot;Admin Updated Name&amp;quot;}\n        response = client.put(&amp;quot;/api/v1/users/1&amp;quot;, headers=auth_headers, json=new_data)\n&amp;gt;       assert response.status_code == 200\nE       assert 422 == 200\nE        +  where 422 = &amp;lt;Response [422 Unprocessable Entity]&amp;gt;.status_code\n\ntests/test_users.py:145: AssertionError\n&#34;}], &#34;tests/test_users.py::test_update_user_by_id_unauthorized&#34;: [{&#34;extras&#34;: [], &#34;result&#34;: &#34;Failed&#34;, &#34;testId&#34;: &#34;tests/test_users.py::test_update_user_by_id_unauthorized&#34;, &#34;duration&#34;: &#34;6 ms&#34;, &#34;resultsTableRow&#34;: [&#34;&lt;td class=\&#34;col-result\&#34;&gt;Failed&lt;/td&gt;&#34;, &#34;&lt;td class=\&#34;col-testId\&#34;&gt;tests/test_users.py::test_update_user_by_id_unauthorized&lt;/td&gt;&#34;, &#34;&lt;td class=\&#34;col-duration\&#34;&gt;6 ms&lt;/td&gt;&#34;, &#34;&lt;td class=\&#34;col-links\&#34;&gt;&lt;/td&gt;&#34;], &#34;log&#34;: &#34;client = &amp;lt;starlette.testclient.TestClient object at 0x78b1857efa10&amp;gt;\nauth_headers = {&amp;#x27;Authorization&amp;#x27;: &amp;#x27;Bearer eyJhbGciOiJIUzI1NiIsInR5cCI6IkpXVCJ9.eyJleHAiOjE3NTMzMDgyNzIsInN1YiI6IjkyZDUwOWQ2LWQ3ODItNGE4NS1iYzIwLWZlM2ZkMTAyZTZjOCJ9.DB-dJ_FRFaWXVLwahWNFgjnctA2nixkzxbRs8HPeDzI&amp;#x27;}\n\n    def test_update_user_by_id_unauthorized(client: TestClient, auth_headers: dict):\n        &amp;quot;&amp;quot;&amp;quot;\n        Test error when updating a user&amp;#x27;s data by ID without admin rights.\n        &amp;quot;&amp;quot;&amp;quot;\n        new_data = {&amp;quot;name&amp;quot;: &amp;quot;Hacker Name Change&amp;quot;}\n        response = client.put(&amp;quot;/api/v1/users/1&amp;quot;, json=new_data)\n&amp;gt;       assert response.status_code == 403  # Forbidden\n        ^^^^^^^^^^^^^^^^^^^^^^^^^^^^^^^^^^\nE       assert 401 == 403\nE        +  where 401 = &amp;lt;Response [401 Unauthorized]&amp;gt;.status_code\n\ntests/test_users.py:155: AssertionError\n&#34;}], &#34;tests/test_users.py::test_delete_user_me&#34;: [{&#34;extras&#34;: [], &#34;result&#34;: &#34;Failed&#34;, &#34;testId&#34;: &#34;tests/test_users.py::test_delete_user_me&#34;, &#34;duration&#34;: &#34;9 ms&#34;, &#34;resultsTableRow&#34;: [&#34;&lt;td class=\&#34;col-result\&#34;&gt;Failed&lt;/td&gt;&#34;, &#34;&lt;td class=\&#34;col-testId\&#34;&gt;tests/test_users.py::test_delete_user_me&lt;/td&gt;&#34;, &#34;&lt;td class=\&#34;col-duration\&#34;&gt;9 ms&lt;/td&gt;&#34;, &#34;&lt;td class=\&#34;col-links\&#34;&gt;&lt;/td&gt;&#34;], &#34;log&#34;: &#34;client = &amp;lt;starlette.testclient.TestClient object at 0x78b1857efa10&amp;gt;\nauth_headers = {&amp;#x27;Authorization&amp;#x27;: &amp;#x27;Bearer eyJhbGciOiJIUzI1NiIsInR5cCI6IkpXVCJ9.eyJleHAiOjE3NTMzMDgyNzIsInN1YiI6IjkyZDUwOWQ2LWQ3ODItNGE4NS1iYzIwLWZlM2ZkMTAyZTZjOCJ9.DB-dJ_FRFaWXVLwahWNFgjnctA2nixkzxbRs8HPeDzI&amp;#x27;}\n\n    def test_delete_user_me(client: TestClient, auth_headers: dict):\n        &amp;quot;&amp;quot;&amp;quot;\n        Test deleting the current user (soft delete).\n        &amp;quot;&amp;quot;&amp;quot;\n        response = client.delete(&amp;quot;/api/v1/users/me&amp;quot;, headers=auth_headers)\n&amp;gt;       assert response.status_code == 200\nE       assert 403 == 200\nE        +  where 403 = &amp;lt;Response [403 Forbidden]&amp;gt;.status_code\n\ntests/test_users.py:163: AssertionError\n&#34;}], &#34;tests/test_users.py::test_delete_user_me_unauthenticated&#34;: [{&#34;extras&#34;: [], &#34;result&#34;: &#34;Passed&#34;, &#34;testId&#34;: &#34;tests/test_users.py::test_delete_user_me_unauthenticated&#34;, &#34;duration&#34;: &#34;6 ms&#34;, &#34;resultsTableRow&#34;: [&#34;&lt;td class=\&#34;col-result\&#34;&gt;Passed&lt;/td&gt;&#34;, &#34;&lt;td class=\&#34;col-testId\&#34;&gt;tests/test_users.py::test_delete_user_me_unauthenticated&lt;/td&gt;&#34;, &#34;&lt;td class=\&#34;col-duration\&#34;&gt;6 ms&lt;/td&gt;&#34;, &#34;&lt;td class=\&#34;col-links\&#34;&gt;&lt;/td&gt;&#34;], &#34;log&#34;: &#34;No log output captured.&#34;}], &#34;tests/test_users.py::test_restore_user_me&#34;: [{&#34;extras&#34;: [], &#34;result&#34;: &#34;Failed&#34;, &#34;testId&#34;: &#34;tests/test_users.py::test_restore_user_me&#34;, &#34;duration&#34;: &#34;3 ms&#34;, &#34;resultsTableRow&#34;: [&#34;&lt;td class=\&#34;col-result\&#34;&gt;Failed&lt;/td&gt;&#34;, &#34;&lt;td class=\&#34;col-testId\&#34;&gt;tests/test_users.py::test_restore_user_me&lt;/td&gt;&#34;, &#34;&lt;td class=\&#34;col-duration\&#34;&gt;3 ms&lt;/td&gt;&#34;, &#34;&lt;td class=\&#34;col-links\&#34;&gt;&lt;/td&gt;&#34;], &#34;log&#34;: &#34;client = &amp;lt;starlette.testclient.TestClient object at 0x78b1857efa10&amp;gt;\nauth_headers = {&amp;#x27;Authorization&amp;#x27;: &amp;#x27;Bearer eyJhbGciOiJIUzI1NiIsInR5cCI6IkpXVCJ9.eyJleHAiOjE3NTMzMDgyNzIsInN1YiI6IjkyZDUwOWQ2LWQ3ODItNGE4NS1iYzIwLWZlM2ZkMTAyZTZjOCJ9.DB-dJ_FRFaWXVLwahWNFgjnctA2nixkzxbRs8HPeDzI&amp;#x27;}\n\n    def test_restore_user_me(client: TestClient, auth_headers: dict):\n        &amp;quot;&amp;quot;&amp;quot;\n        Test restoring the current user (soft delete).\n        &amp;quot;&amp;quot;&amp;quot;\n        response = client.post(&amp;quot;/api/v1/users/me/restore&amp;quot;, headers=auth_headers)\n&amp;gt;       assert response.status_code == 200\nE       assert 404 == 200\nE        +  where 404 = &amp;lt;Response [404 Not Found]&amp;gt;.status_code\n\ntests/test_users.py:179: AssertionError\n&#34;}], &#34;tests/test_users.py::test_restore_user_me_unauthenticated&#34;: [{&#34;extras&#34;: [], &#34;result&#34;: &#34;Failed&#34;, &#34;testId&#34;: &#34;tests/test_users.py::test_restore_user_me_unauthenticated&#34;, &#34;duration&#34;: &#34;4 ms&#34;, &#34;resultsTableRow&#34;: [&#34;&lt;td class=\&#34;col-result\&#34;&gt;Failed&lt;/td&gt;&#34;, &#34;&lt;td class=\&#34;col-testId\&#34;&gt;tests/test_users.py::test_restore_user_me_unauthenticated&lt;/td&gt;&#34;, &#34;&lt;td class=\&#34;col-duration\&#34;&gt;4 ms&lt;/td&gt;&#34;, &#34;&lt;td class=\&#34;col-links\&#34;&gt;&lt;/td&gt;&#34;], &#34;log&#34;: &#34;client = &amp;lt;starlette.testclient.TestClient object at 0x78b1857efa10&amp;gt;\n\n    def test_restore_user_me_unauthenticated(client: TestClient):\n        &amp;quot;&amp;quot;&amp;quot;\n        Test error when restoring the current user without authentication.\n        &amp;quot;&amp;quot;&amp;quot;\n        response = client.post(&amp;quot;/api/v1/users/me/restore&amp;quot;)\n&amp;gt;       assert response.status_code == 401  # Unauthorized\n        ^^^^^^^^^^^^^^^^^^^^^^^^^^^^^^^^^^\nE       assert 404 == 401\nE        +  where 404 = &amp;lt;Response [404 Not Found]&amp;gt;.status_code\n\ntests/test_users.py:187: AssertionError\n&#34;}], &#34;tests/test_users.py::test_create_user_with_role&#34;: [{&#34;extras&#34;: [], &#34;result&#34;: &#34;Passed&#34;, &#34;testId&#34;: &#34;tests/test_users.py::test_create_user_with_role&#34;, &#34;duration&#34;: &#34;320 ms&#34;, &#34;resultsTableRow&#34;: [&#34;&lt;td class=\&#34;col-result\&#34;&gt;Passed&lt;/td&gt;&#34;, &#34;&lt;td class=\&#34;col-testId\&#34;&gt;tests/test_users.py::test_create_user_with_role&lt;/td&gt;&#34;, &#34;&lt;td class=\&#34;col-duration\&#34;&gt;320 ms&lt;/td&gt;&#34;, &#34;&lt;td class=\&#34;col-links\&#34;&gt;&lt;/td&gt;&#34;], &#34;log&#34;: &#34;----------------------------- Captured stdout call -----------------------------\n2025-07-23 21:04:33,799 - app.api.endpoints.users - INFO - \u2139\ufe0f Attempting to create user with email: test.role.9110@example.com\n2025-07-23 21:04:34,110 - app.api.endpoints.users - INFO - \u2705 Successfully created user with ID: 01407671-e246-4f02-bbe1-f8712aed0afa\n&#34;}], &#34;tests/test_vendor_profiles.py::test_get_vendor_me&#34;: [{&#34;extras&#34;: [], &#34;result&#34;: &#34;Error&#34;, &#34;testId&#34;: &#34;tests/test_vendor_profiles.py::test_get_vendor_me::setup&#34;, &#34;duration&#34;: &#34;4 ms&#34;, &#34;resultsTableRow&#34;: [&#34;&lt;td class=\&#34;col-result\&#34;&gt;Error&lt;/td&gt;&#34;, &#34;&lt;td class=\&#34;col-testId\&#34;&gt;tests/test_vendor_profiles.py::test_get_vendor_me::setup&lt;/td&gt;&#34;, &#34;&lt;td class=\&#34;col-duration\&#34;&gt;4 ms&lt;/td&gt;&#34;, &#34;&lt;td class=\&#34;col-links\&#34;&gt;&lt;/td&gt;&#34;], &#34;log&#34;: &#34;file /usr/src/app/tests/test_vendor_profiles.py, line 4\n  def test_get_vendor_me(client: TestClient, vendor_user_auth_headers: dict, test_vendor_profile: dict):\nE       fixture &amp;#x27;vendor_user_auth_headers&amp;#x27; not found\n&amp;gt;       available fixtures: anyio_backend, anyio_backend_name, anyio_backend_options, auth_headers, cache, capfd, capfdbinary, caplog, capsys, capsysbinary, capteesys, client, doctest_namespace, extra, extras, free_tcp_port, free_tcp_port_factory, free_udp_port, free_udp_port_factory, include_metadata_in_junit_xml, metadata, monkeypatch, pytestconfig, record_property, record_testsuite_property, record_xml_attribute, recwarn, setup_test_db, tmp_path, tmp_path_factory, tmpdir, tmpdir_factory\n&amp;gt;       use &amp;#x27;pytest --fixtures [testpath]&amp;#x27; for help on them.\n\n/usr/src/app/tests/test_vendor_profiles.py:4\n&#34;}], &#34;tests/test_vendor_profiles.py::test_update_vendor_me&#34;: [{&#34;extras&#34;: [], &#34;result&#34;: &#34;Error&#34;, &#34;testId&#34;: &#34;tests/test_vendor_profiles.py::test_update_vendor_me::setup&#34;, &#34;duration&#34;: &#34;1 ms&#34;, &#34;resultsTableRow&#34;: [&#34;&lt;td class=\&#34;col-result\&#34;&gt;Error&lt;/td&gt;&#34;, &#34;&lt;td class=\&#34;col-testId\&#34;&gt;tests/test_vendor_profiles.py::test_update_vendor_me::setup&lt;/td&gt;&#34;, &#34;&lt;td class=\&#34;col-duration\&#34;&gt;1 ms&lt;/td&gt;&#34;, &#34;&lt;td class=\&#34;col-links\&#34;&gt;&lt;/td&gt;&#34;], &#34;log&#34;: &#34;file /usr/src/app/tests/test_vendor_profiles.py, line 12\n  def test_update_vendor_me(client: TestClient, vendor_user_auth_headers: dict, test_vendor_profile: dict):\nE       fixture &amp;#x27;vendor_user_auth_headers&amp;#x27; not found\n&amp;gt;       available fixtures: anyio_backend, anyio_backend_name, anyio_backend_options, auth_headers, cache, capfd, capfdbinary, caplog, capsys, capsysbinary, capteesys, client, doctest_namespace, extra, extras, free_tcp_port, free_tcp_port_factory, free_udp_port, free_udp_port_factory, include_metadata_in_junit_xml, metadata, monkeypatch, pytestconfig, record_property, record_testsuite_property, record_xml_attribute, recwarn, setup_test_db, tmp_path, tmp_path_factory, tmpdir, tmpdir_factory\n&amp;gt;       use &amp;#x27;pytest --fixtures [testpath]&amp;#x27; for help on them.\n\n/usr/src/app/tests/test_vendor_profiles.py:12\n&#34;}], &#34;tests/test_warehouses.py::test_create_warehouse&#34;: [{&#34;extras&#34;: [], &#34;result&#34;: &#34;Error&#34;, &#34;testId&#34;: &#34;tests/test_warehouses.py::test_create_warehouse::setup&#34;, &#34;duration&#34;: &#34;4 ms&#34;, &#34;resultsTableRow&#34;: [&#34;&lt;td class=\&#34;col-result\&#34;&gt;Error&lt;/td&gt;&#34;, &#34;&lt;td class=\&#34;col-testId\&#34;&gt;tests/test_warehouses.py::test_create_warehouse::setup&lt;/td&gt;&#34;, &#34;&lt;td class=\&#34;col-duration\&#34;&gt;4 ms&lt;/td&gt;&#34;, &#34;&lt;td class=\&#34;col-links\&#34;&gt;&lt;/td&gt;&#34;], &#34;log&#34;: &#34;file /usr/src/app/tests/test_warehouses.py, line 4\n  def test_create_warehouse(client: TestClient, admin_user_auth_headers: dict):\nE       fixture &amp;#x27;admin_user_auth_headers&amp;#x27; not found\n&amp;gt;       available fixtures: anyio_backend, anyio_backend_name, anyio_backend_options, auth_headers, cache, capfd, capfdbinary, caplog, capsys, capsysbinary, capteesys, client, doctest_namespace, extra, extras, free_tcp_port, free_tcp_port_factory, free_udp_port, free_udp_port_factory, include_metadata_in_junit_xml, metadata, monkeypatch, pytestconfig, record_property, record_testsuite_property, record_xml_attribute, recwarn, setup_test_db, tmp_path, tmp_path_factory, tmpdir, tmpdir_factory\n&amp;gt;       use &amp;#x27;pytest --fixtures [testpath]&amp;#x27; for help on them.\n\n/usr/src/app/tests/test_warehouses.py:4\n&#34;}], &#34;tests/test_warehouses.py::test_get_all_warehouses&#34;: [{&#34;extras&#34;: [], &#34;result&#34;: &#34;Error&#34;, &#34;testId&#34;: &#34;tests/test_warehouses.py::test_get_all_warehouses::setup&#34;, &#34;duration&#34;: &#34;0 ms&#34;, &#34;resultsTableRow&#34;: [&#34;&lt;td class=\&#34;col-result\&#34;&gt;Error&lt;/td&gt;&#34;, &#34;&lt;td class=\&#34;col-testId\&#34;&gt;tests/test_warehouses.py::test_get_all_warehouses::setup&lt;/td&gt;&#34;, &#34;&lt;td class=\&#34;col-duration\&#34;&gt;0 ms&lt;/td&gt;&#34;, &#34;&lt;td class=\&#34;col-links\&#34;&gt;&lt;/td&gt;&#34;], &#34;log&#34;: &#34;file /usr/src/app/tests/test_warehouses.py, line 11\n  def test_get_all_warehouses(client: TestClient, test_warehouse: dict):\nE       fixture &amp;#x27;test_warehouse&amp;#x27; not found\n&amp;gt;       available fixtures: anyio_backend, anyio_backend_name, anyio_backend_options, auth_headers, cache, capfd, capfdbinary, caplog, capsys, capsysbinary, capteesys, client, doctest_namespace, extra, extras, free_tcp_port, free_tcp_port_factory, free_udp_port, free_udp_port_factory, include_metadata_in_junit_xml, metadata, monkeypatch, pytestconfig, record_property, record_testsuite_property, record_xml_attribute, recwarn, setup_test_db, tmp_path, tmp_path_factory, tmpdir, tmpdir_factory\n&amp;gt;       use &amp;#x27;pytest --fixtures [testpath]&amp;#x27; for help on them.\n\n/usr/src/app/tests/test_warehouses.py:11\n&#34;}], &#34;tests/test_warehouses.py::test_get_warehouse_by_id&#34;: [{&#34;extras&#34;: [], &#34;result&#34;: &#34;Error&#34;, &#34;testId&#34;: &#34;tests/test_warehouses.py::test_get_warehouse_by_id::setup&#34;, &#34;duration&#34;: &#34;0 ms&#34;, &#34;resultsTableRow&#34;: [&#34;&lt;td class=\&#34;col-result\&#34;&gt;Error&lt;/td&gt;&#34;, &#34;&lt;td class=\&#34;col-testId\&#34;&gt;tests/test_warehouses.py::test_get_warehouse_by_id::setup&lt;/td&gt;&#34;, &#34;&lt;td class=\&#34;col-duration\&#34;&gt;0 ms&lt;/td&gt;&#34;, &#34;&lt;td class=\&#34;col-links\&#34;&gt;&lt;/td&gt;&#34;], &#34;log&#34;: &#34;file /usr/src/app/tests/test_warehouses.py, line 18\n  def test_get_warehouse_by_id(client: TestClient, test_warehouse: dict):\nE       fixture &amp;#x27;test_warehouse&amp;#x27; not found\n&amp;gt;       available fixtures: anyio_backend, anyio_backend_name, anyio_backend_options, auth_headers, cache, capfd, capfdbinary, caplog, capsys, capsysbinary, capteesys, client, doctest_namespace, extra, extras, free_tcp_port, free_tcp_port_factory, free_udp_port, free_udp_port_factory, include_metadata_in_junit_xml, metadata, monkeypatch, pytestconfig, record_property, record_testsuite_property, record_xml_attribute, recwarn, setup_test_db, tmp_path, tmp_path_factory, tmpdir, tmpdir_factory\n&amp;gt;       use &amp;#x27;pytest --fixtures [testpath]&amp;#x27; for help on them.\n\n/usr/src/app/tests/test_warehouses.py:18\n&#34;}]}, &#34;renderCollapsed&#34;: [&#34;passed&#34;], &#34;initialSort&#34;: &#34;result&#34;, &#34;title&#34;: &#34;report.html&#34;}"></div>
    <script>
      (function(){function r(e,n,t){function o(i,f){if(!n[i]){if(!e[i]){var c="function"==typeof require&&require;if(!f&&c)return c(i,!0);if(u)return u(i,!0);var a=new Error("Cannot find module '"+i+"'");throw a.code="MODULE_NOT_FOUND",a}var p=n[i]={exports:{}};e[i][0].call(p.exports,function(r){var n=e[i][1][r];return o(n||r)},p,p.exports,r,e,n,t)}return n[i].exports}for(var u="function"==typeof require&&require,i=0;i<t.length;i++)o(t[i]);return o}return r})()({1:[function(require,module,exports){
const { getCollapsedCategory, setCollapsedIds } = require('./storage.js')

class DataManager {
    setManager(data) {
        const collapsedCategories = [...getCollapsedCategory(data.renderCollapsed)]
        const collapsedIds = []
        const tests = Object.values(data.tests).flat().map((test, index) => {
            const collapsed = collapsedCategories.includes(test.result.toLowerCase())
            const id = `test_${index}`
            if (collapsed) {
                collapsedIds.push(id)
            }
            return {
                ...test,
                id,
                collapsed,
            }
        })
        const dataBlob = { ...data, tests }
        this.data = { ...dataBlob }
        this.renderData = { ...dataBlob }
        setCollapsedIds(collapsedIds)
    }

    get allData() {
        return { ...this.data }
    }

    resetRender() {
        this.renderData = { ...this.data }
    }

    setRender(data) {
        this.renderData.tests = [...data]
    }

    toggleCollapsedItem(id) {
        this.renderData.tests = this.renderData.tests.map((test) =>
            test.id === id ? { ...test, collapsed: !test.collapsed } : test,
        )
    }

    set allCollapsed(collapsed) {
        this.renderData = { ...this.renderData, tests: [...this.renderData.tests.map((test) => (
            { ...test, collapsed }
        ))] }
    }

    get testSubset() {
        return [...this.renderData.tests]
    }

    get environment() {
        return this.renderData.environment
    }

    get initialSort() {
        return this.data.initialSort
    }
}

module.exports = {
    manager: new DataManager(),
}

},{"./storage.js":8}],2:[function(require,module,exports){
const mediaViewer = require('./mediaviewer.js')
const templateEnvRow = document.getElementById('template_environment_row')
const templateResult = document.getElementById('template_results-table__tbody')

function htmlToElements(html) {
    const temp = document.createElement('template')
    temp.innerHTML = html
    return temp.content.childNodes
}

const find = (selector, elem) => {
    if (!elem) {
        elem = document
    }
    return elem.querySelector(selector)
}

const findAll = (selector, elem) => {
    if (!elem) {
        elem = document
    }
    return [...elem.querySelectorAll(selector)]
}

const dom = {
    getStaticRow: (key, value) => {
        const envRow = templateEnvRow.content.cloneNode(true)
        const isObj = typeof value === 'object' && value !== null
        const values = isObj ? Object.keys(value).map((k) => `${k}: ${value[k]}`) : null

        const valuesElement = htmlToElements(
            values ? `<ul>${values.map((val) => `<li>${val}</li>`).join('')}<ul>` : `<div>${value}</div>`)[0]
        const td = findAll('td', envRow)
        td[0].textContent = key
        td[1].appendChild(valuesElement)

        return envRow
    },
    getResultTBody: ({ testId, id, log, extras, resultsTableRow, tableHtml, result, collapsed }) => {
        const resultBody = templateResult.content.cloneNode(true)
        resultBody.querySelector('tbody').classList.add(result.toLowerCase())
        resultBody.querySelector('tbody').id = testId
        resultBody.querySelector('.collapsible').dataset.id = id

        resultsTableRow.forEach((html) => {
            const t = document.createElement('template')
            t.innerHTML = html
            resultBody.querySelector('.collapsible').appendChild(t.content)
        })

        if (log) {
            // Wrap lines starting with "E" with span.error to color those lines red
            const wrappedLog = log.replace(/^E.*$/gm, (match) => `<span class="error">${match}</span>`)
            resultBody.querySelector('.log').innerHTML = wrappedLog
        } else {
            resultBody.querySelector('.log').remove()
        }

        if (collapsed) {
            resultBody.querySelector('.collapsible > td')?.classList.add('collapsed')
            resultBody.querySelector('.extras-row').classList.add('hidden')
        } else {
            resultBody.querySelector('.collapsible > td')?.classList.remove('collapsed')
        }

        const media = []
        extras?.forEach(({ name, format_type, content }) => {
            if (['image', 'video'].includes(format_type)) {
                media.push({ path: content, name, format_type })
            }

            if (format_type === 'html') {
                resultBody.querySelector('.extraHTML').insertAdjacentHTML('beforeend', `<div>${content}</div>`)
            }
        })
        mediaViewer.setup(resultBody, media)

        // Add custom html from the pytest_html_results_table_html hook
        tableHtml?.forEach((item) => {
            resultBody.querySelector('td[class="extra"]').insertAdjacentHTML('beforeend', item)
        })

        return resultBody
    },
}

module.exports = {
    dom,
    htmlToElements,
    find,
    findAll,
}

},{"./mediaviewer.js":6}],3:[function(require,module,exports){
const { manager } = require('./datamanager.js')
const { doSort } = require('./sort.js')
const storageModule = require('./storage.js')

const getFilteredSubSet = (filter) =>
    manager.allData.tests.filter(({ result }) => filter.includes(result.toLowerCase()))

const doInitFilter = () => {
    const currentFilter = storageModule.getVisible()
    const filteredSubset = getFilteredSubSet(currentFilter)
    manager.setRender(filteredSubset)
}

const doFilter = (type, show) => {
    if (show) {
        storageModule.showCategory(type)
    } else {
        storageModule.hideCategory(type)
    }

    const currentFilter = storageModule.getVisible()
    const filteredSubset = getFilteredSubSet(currentFilter)
    manager.setRender(filteredSubset)

    const sortColumn = storageModule.getSort()
    doSort(sortColumn, true)
}

module.exports = {
    doFilter,
    doInitFilter,
}

},{"./datamanager.js":1,"./sort.js":7,"./storage.js":8}],4:[function(require,module,exports){
const { redraw, bindEvents, renderStatic } = require('./main.js')
const { doInitFilter } = require('./filter.js')
const { doInitSort } = require('./sort.js')
const { manager } = require('./datamanager.js')
const data = JSON.parse(document.getElementById('data-container').dataset.jsonblob)

function init() {
    manager.setManager(data)
    doInitFilter()
    doInitSort()
    renderStatic()
    redraw()
    bindEvents()
}

init()

},{"./datamanager.js":1,"./filter.js":3,"./main.js":5,"./sort.js":7}],5:[function(require,module,exports){
const { dom, find, findAll } = require('./dom.js')
const { manager } = require('./datamanager.js')
const { doSort } = require('./sort.js')
const { doFilter } = require('./filter.js')
const {
    getVisible,
    getCollapsedIds,
    setCollapsedIds,
    getSort,
    getSortDirection,
    possibleFilters,
} = require('./storage.js')

const removeChildren = (node) => {
    while (node.firstChild) {
        node.removeChild(node.firstChild)
    }
}

const renderStatic = () => {
    const renderEnvironmentTable = () => {
        const environment = manager.environment
        const rows = Object.keys(environment).map((key) => dom.getStaticRow(key, environment[key]))
        const table = document.getElementById('environment')
        removeChildren(table)
        rows.forEach((row) => table.appendChild(row))
    }
    renderEnvironmentTable()
}

const addItemToggleListener = (elem) => {
    elem.addEventListener('click', ({ target }) => {
        const id = target.parentElement.dataset.id
        manager.toggleCollapsedItem(id)

        const collapsedIds = getCollapsedIds()
        if (collapsedIds.includes(id)) {
            const updated = collapsedIds.filter((item) => item !== id)
            setCollapsedIds(updated)
        } else {
            collapsedIds.push(id)
            setCollapsedIds(collapsedIds)
        }
        redraw()
    })
}

const renderContent = (tests) => {
    const sortAttr = getSort(manager.initialSort)
    const sortAsc = JSON.parse(getSortDirection())
    const rows = tests.map(dom.getResultTBody)
    const table = document.getElementById('results-table')
    const tableHeader = document.getElementById('results-table-head')

    const newTable = document.createElement('table')
    newTable.id = 'results-table'

    // remove all sorting classes and set the relevant
    findAll('.sortable', tableHeader).forEach((elem) => elem.classList.remove('asc', 'desc'))
    tableHeader.querySelector(`.sortable[data-column-type="${sortAttr}"]`)?.classList.add(sortAsc ? 'desc' : 'asc')
    newTable.appendChild(tableHeader)

    if (!rows.length) {
        const emptyTable = document.getElementById('template_results-table__body--empty').content.cloneNode(true)
        newTable.appendChild(emptyTable)
    } else {
        rows.forEach((row) => {
            if (!!row) {
                findAll('.collapsible td:not(.col-links', row).forEach(addItemToggleListener)
                find('.logexpander', row).addEventListener('click',
                    (evt) => evt.target.parentNode.classList.toggle('expanded'),
                )
                newTable.appendChild(row)
            }
        })
    }

    table.replaceWith(newTable)
}

const renderDerived = () => {
    const currentFilter = getVisible()
    possibleFilters.forEach((result) => {
        const input = document.querySelector(`input[data-test-result="${result}"]`)
        input.checked = currentFilter.includes(result)
    })
}

const bindEvents = () => {
    const filterColumn = (evt) => {
        const { target: element } = evt
        const { testResult } = element.dataset

        doFilter(testResult, element.checked)
        const collapsedIds = getCollapsedIds()
        const updated = manager.renderData.tests.map((test) => {
            return {
                ...test,
                collapsed: collapsedIds.includes(test.id),
            }
        })
        manager.setRender(updated)
        redraw()
    }

    const header = document.getElementById('environment-header')
    header.addEventListener('click', () => {
        const table = document.getElementById('environment')
        table.classList.toggle('hidden')
        header.classList.toggle('collapsed')
    })

    findAll('input[name="filter_checkbox"]').forEach((elem) => {
        elem.addEventListener('click', filterColumn)
    })

    findAll('.sortable').forEach((elem) => {
        elem.addEventListener('click', (evt) => {
            const { target: element } = evt
            const { columnType } = element.dataset
            doSort(columnType)
            redraw()
        })
    })

    document.getElementById('show_all_details').addEventListener('click', () => {
        manager.allCollapsed = false
        setCollapsedIds([])
        redraw()
    })
    document.getElementById('hide_all_details').addEventListener('click', () => {
        manager.allCollapsed = true
        const allIds = manager.renderData.tests.map((test) => test.id)
        setCollapsedIds(allIds)
        redraw()
    })
}

const redraw = () => {
    const { testSubset } = manager

    renderContent(testSubset)
    renderDerived()
}

module.exports = {
    redraw,
    bindEvents,
    renderStatic,
}

},{"./datamanager.js":1,"./dom.js":2,"./filter.js":3,"./sort.js":7,"./storage.js":8}],6:[function(require,module,exports){
class MediaViewer {
    constructor(assets) {
        this.assets = assets
        this.index = 0
    }

    nextActive() {
        this.index = this.index === this.assets.length - 1 ? 0 : this.index + 1
        return [this.activeFile, this.index]
    }

    prevActive() {
        this.index = this.index === 0 ? this.assets.length - 1 : this.index -1
        return [this.activeFile, this.index]
    }

    get currentIndex() {
        return this.index
    }

    get activeFile() {
        return this.assets[this.index]
    }
}


const setup = (resultBody, assets) => {
    if (!assets.length) {
        resultBody.querySelector('.media').classList.add('hidden')
        return
    }

    const mediaViewer = new MediaViewer(assets)
    const container = resultBody.querySelector('.media-container')
    const leftArrow = resultBody.querySelector('.media-container__nav--left')
    const rightArrow = resultBody.querySelector('.media-container__nav--right')
    const mediaName = resultBody.querySelector('.media__name')
    const counter = resultBody.querySelector('.media__counter')
    const imageEl = resultBody.querySelector('img')
    const sourceEl = resultBody.querySelector('source')
    const videoEl = resultBody.querySelector('video')

    const setImg = (media, index) => {
        if (media?.format_type === 'image') {
            imageEl.src = media.path

            imageEl.classList.remove('hidden')
            videoEl.classList.add('hidden')
        } else if (media?.format_type === 'video') {
            sourceEl.src = media.path

            videoEl.classList.remove('hidden')
            imageEl.classList.add('hidden')
        }

        mediaName.innerText = media?.name
        counter.innerText = `${index + 1} / ${assets.length}`
    }
    setImg(mediaViewer.activeFile, mediaViewer.currentIndex)

    const moveLeft = () => {
        const [media, index] = mediaViewer.prevActive()
        setImg(media, index)
    }
    const doRight = () => {
        const [media, index] = mediaViewer.nextActive()
        setImg(media, index)
    }
    const openImg = () => {
        window.open(mediaViewer.activeFile.path, '_blank')
    }
    if (assets.length === 1) {
        container.classList.add('media-container--fullscreen')
    } else {
        leftArrow.addEventListener('click', moveLeft)
        rightArrow.addEventListener('click', doRight)
    }
    imageEl.addEventListener('click', openImg)
}

module.exports = {
    setup,
}

},{}],7:[function(require,module,exports){
const { manager } = require('./datamanager.js')
const storageModule = require('./storage.js')

const genericSort = (list, key, ascending, customOrder) => {
    let sorted
    if (customOrder) {
        sorted = list.sort((a, b) => {
            const aValue = a.result.toLowerCase()
            const bValue = b.result.toLowerCase()

            const aIndex = customOrder.findIndex((item) => item.toLowerCase() === aValue)
            const bIndex = customOrder.findIndex((item) => item.toLowerCase() === bValue)

            // Compare the indices to determine the sort order
            return aIndex - bIndex
        })
    } else {
        sorted = list.sort((a, b) => a[key] === b[key] ? 0 : a[key] > b[key] ? 1 : -1)
    }

    if (ascending) {
        sorted.reverse()
    }
    return sorted
}

const durationSort = (list, ascending) => {
    const parseDuration = (duration) => {
        if (duration.includes(':')) {
            // If it's in the format "HH:mm:ss"
            const [hours, minutes, seconds] = duration.split(':').map(Number)
            return (hours * 3600 + minutes * 60 + seconds) * 1000
        } else {
            // If it's in the format "nnn ms"
            return parseInt(duration)
        }
    }
    const sorted = list.sort((a, b) => parseDuration(a['duration']) - parseDuration(b['duration']))
    if (ascending) {
        sorted.reverse()
    }
    return sorted
}

const doInitSort = () => {
    const type = storageModule.getSort(manager.initialSort)
    const ascending = storageModule.getSortDirection()
    const list = manager.testSubset
    const initialOrder = ['Error', 'Failed', 'Rerun', 'XFailed', 'XPassed', 'Skipped', 'Passed']

    storageModule.setSort(type)
    storageModule.setSortDirection(ascending)

    if (type?.toLowerCase() === 'original') {
        manager.setRender(list)
    } else {
        let sortedList
        switch (type) {
        case 'duration':
            sortedList = durationSort(list, ascending)
            break
        case 'result':
            sortedList = genericSort(list, type, ascending, initialOrder)
            break
        default:
            sortedList = genericSort(list, type, ascending)
            break
        }
        manager.setRender(sortedList)
    }
}

const doSort = (type, skipDirection) => {
    const newSortType = storageModule.getSort(manager.initialSort) !== type
    const currentAsc = storageModule.getSortDirection()
    let ascending
    if (skipDirection) {
        ascending = currentAsc
    } else {
        ascending = newSortType ? false : !currentAsc
    }
    storageModule.setSort(type)
    storageModule.setSortDirection(ascending)

    const list = manager.testSubset
    const sortedList = type === 'duration' ? durationSort(list, ascending) : genericSort(list, type, ascending)
    manager.setRender(sortedList)
}

module.exports = {
    doInitSort,
    doSort,
}

},{"./datamanager.js":1,"./storage.js":8}],8:[function(require,module,exports){
const possibleFilters = [
    'passed',
    'skipped',
    'failed',
    'error',
    'xfailed',
    'xpassed',
    'rerun',
]

const getVisible = () => {
    const url = new URL(window.location.href)
    const settings = new URLSearchParams(url.search).get('visible')
    const lower = (item) => {
        const lowerItem = item.toLowerCase()
        if (possibleFilters.includes(lowerItem)) {
            return lowerItem
        }
        return null
    }
    return settings === null ?
        possibleFilters :
        [...new Set(settings?.split(',').map(lower).filter((item) => item))]
}

const hideCategory = (categoryToHide) => {
    const url = new URL(window.location.href)
    const visibleParams = new URLSearchParams(url.search).get('visible')
    const currentVisible = visibleParams ? visibleParams.split(',') : [...possibleFilters]
    const settings = [...new Set(currentVisible)].filter((f) => f !== categoryToHide).join(',')

    url.searchParams.set('visible', settings)
    window.history.pushState({}, null, unescape(url.href))
}

const showCategory = (categoryToShow) => {
    if (typeof window === 'undefined') {
        return
    }
    const url = new URL(window.location.href)
    const currentVisible = new URLSearchParams(url.search).get('visible')?.split(',').filter(Boolean) ||
        [...possibleFilters]
    const settings = [...new Set([categoryToShow, ...currentVisible])]
    const noFilter = possibleFilters.length === settings.length || !settings.length

    noFilter ? url.searchParams.delete('visible') : url.searchParams.set('visible', settings.join(','))
    window.history.pushState({}, null, unescape(url.href))
}

const getSort = (initialSort) => {
    const url = new URL(window.location.href)
    let sort = new URLSearchParams(url.search).get('sort')
    if (!sort) {
        sort = initialSort || 'result'
    }
    return sort
}

const setSort = (type) => {
    const url = new URL(window.location.href)
    url.searchParams.set('sort', type)
    window.history.pushState({}, null, unescape(url.href))
}

const getCollapsedCategory = (renderCollapsed) => {
    let categories
    if (typeof window !== 'undefined') {
        const url = new URL(window.location.href)
        const collapsedItems = new URLSearchParams(url.search).get('collapsed')
        switch (true) {
        case !renderCollapsed && collapsedItems === null:
            categories = ['passed']
            break
        case collapsedItems?.length === 0 || /^["']{2}$/.test(collapsedItems):
            categories = []
            break
        case /^all$/.test(collapsedItems) || collapsedItems === null && /^all$/.test(renderCollapsed):
            categories = [...possibleFilters]
            break
        default:
            categories = collapsedItems?.split(',').map((item) => item.toLowerCase()) || renderCollapsed
            break
        }
    } else {
        categories = []
    }
    return categories
}

const getSortDirection = () => JSON.parse(sessionStorage.getItem('sortAsc')) || false
const setSortDirection = (ascending) => sessionStorage.setItem('sortAsc', ascending)

const getCollapsedIds = () => JSON.parse(sessionStorage.getItem('collapsedIds')) || []
const setCollapsedIds = (list) => sessionStorage.setItem('collapsedIds', JSON.stringify(list))

module.exports = {
    getVisible,
    hideCategory,
    showCategory,
    getCollapsedIds,
    setCollapsedIds,
    getSort,
    setSort,
    getSortDirection,
    setSortDirection,
    getCollapsedCategory,
    possibleFilters,
}

},{}]},{},[4]);
    </script>
  </footer>
</html>